19:07:58 **** Build of configuration x86_64-debug for project metronome ****
make -j12 all 
qcc -Vgcc_ntox86_64 -c -Wp,-MMD,build/x86_64-debug/src/metronome.d,-MT,build/x86_64-debug/src/metronome.o -o build/x86_64-debug/src/metronome.o  -Wall -fmessage-length=0 -g -O0 -fno-builtin  src/metronome.c
qcc -Vgcc_ntox86_64 -o build/x86_64-debug/metronome   build/x86_64-debug/src/metronome.o  
19:08:00 **** Incremental Build of configuration x86_64-debug for project metronome ****
make -j12 all 
make: Nothing to be done for 'all'.
19:09:01 **** Incremental Build of configuration x86_64-debug for project metronome ****
make -j12 all 
qcc -Vgcc_ntox86_64 -c -Wp,-MMD,build/x86_64-debug/src/metronome.d,-MT,build/x86_64-debug/src/metronome.o -o build/x86_64-debug/src/metronome.o  -Wall -fmessage-length=0 -g -O0 -fno-builtin  src/metronome.c
qcc -Vgcc_ntox86_64 -o build/x86_64-debug/metronome   build/x86_64-debug/src/metronome.o  
19:09:02 **** Incremental Build of configuration x86_64-debug for project metronome ****
make -j12 all 
make: Nothing to be done for 'all'.
19:09:18 **** Incremental Build of configuration x86_64-debug for project metronome ****
make -j12 all 
make: Nothing to be done for 'all'.
19:09:21 **** Incremental Build of configuration x86_64-debug for project metronome ****
make -j12 all 
make: Nothing to be done for 'all'.
19:12:40 **** Incremental Build of configuration x86_64-debug for project metronome ****
make -j12 all 
qcc -Vgcc_ntox86_64 -c -Wp,-MMD,build/x86_64-debug/src/metronome.d,-MT,build/x86_64-debug/src/metronome.o -o build/x86_64-debug/src/metronome.o  -Wall -fmessage-length=0 -g -O0 -fno-builtin  src/metronome.c
qcc -Vgcc_ntox86_64 -o build/x86_64-debug/metronome   build/x86_64-debug/src/metronome.o  
19:12:59 **** Incremental Build of configuration x86_64-debug for project metronome ****
make -j12 all 
make: Nothing to be done for 'all'.
19:13:04 **** Incremental Build of configuration x86_64-debug for project metronome ****
make -j12 all 
make: Nothing to be done for 'all'.
19:13:05 **** Incremental Build of configuration x86_64-debug for project metronome ****
make -j12 all 
make: Nothing to be done for 'all'.
19:13:33 **** Incremental Build of configuration x86_64-debug for project metronome ****
make -j12 all 
make: Nothing to be done for 'all'.
19:13:33 **** Incremental Build of configuration x86_64-debug for project metronome ****
make -j12 all 
make: Nothing to be done for 'all'.
19:14:07 **** Incremental Build of configuration x86_64-debug for project metronome ****
make -j12 all 
qcc -Vgcc_ntox86_64 -c -Wp,-MMD,build/x86_64-debug/src/metronome.d,-MT,build/x86_64-debug/src/metronome.o -o build/x86_64-debug/src/metronome.o  -Wall -fmessage-length=0 -g -O0 -fno-builtin  src/metronome.c
src/metronome.c: In function 'main':
src/metronome.c:276:3: warning: implicit declaration of function 'setToFile' [-Wimplicit-function-declaration]
   setToFile(argv);
   ^
qcc -Vgcc_ntox86_64 -o build/x86_64-debug/metronome   build/x86_64-debug/src/metronome.o  
build/x86_64-debug/src/metronome.o: In function `main':
F:\AlgonquinCollege\Term6\RealTimeProgramming\Workspace\cst8244_assign2\metronome/src/metronome.c:276: undefined reference to `setToFile'
cc: C:/Users/Andre/qnx700/host/win64/x86_64/usr/bin/x86_64-pc-nto-qnx7.0.0-ld caught signal 1
Makefile:60: recipe for target 'build/x86_64-debug/metronome' failed
make: *** [build/x86_64-debug/metronome] Error 1
19:14:20 **** Incremental Build of configuration x86_64-debug for project metronome ****
make -j12 all 
qcc -Vgcc_ntox86_64 -c -Wp,-MMD,build/x86_64-debug/src/metronome.d,-MT,build/x86_64-debug/src/metronome.o -o build/x86_64-debug/src/metronome.o  -Wall -fmessage-length=0 -g -O0 -fno-builtin  src/metronome.c
qcc -Vgcc_ntox86_64 -o build/x86_64-debug/metronome   build/x86_64-debug/src/metronome.o  
19:15:19 **** Incremental Build of configuration x86_64-debug for project metronome ****
make -j12 all 
make: Nothing to be done for 'all'.
19:16:08 **** Incremental Build of configuration x86_64-debug for project metronome ****
make -j12 all 
make: Nothing to be done for 'all'.
19:16:10 **** Incremental Build of configuration x86_64-debug for project metronome ****
make -j12 all 
make: Nothing to be done for 'all'.
19:16:35 **** Incremental Build of configuration x86_64-debug for project metronome ****
make -j12 all 
make: Nothing to be done for 'all'.
19:16:36 **** Incremental Build of configuration x86_64-debug for project metronome ****
make -j12 all 
make: Nothing to be done for 'all'.
19:19:01 **** Incremental Build of configuration x86_64-debug for project metronome ****
make -j12 all 
qcc -Vgcc_ntox86_64 -c -Wp,-MMD,build/x86_64-debug/src/metronome.d,-MT,build/x86_64-debug/src/metronome.o -o build/x86_64-debug/src/metronome.o  -Wall -fmessage-length=0 -g -O0 -fno-builtin  src/metronome.c
src/metronome.c: In function 'main':
src/metronome.c:328:3: error: 'fp' undeclared (first use in this function)
   fp = fopen("/dev/local/metronome", "r");
   ^
src/metronome.c:328:3: note: each undeclared identifier is reported only once for each function it appears in
src/metronome.c:334:21: error: 'command' undeclared (first use in this function)
    fscanf(fp, "%s", command);
                     ^
src/metronome.c:337:22: error: 'inBpm' undeclared (first use in this function)
     fscanf(fp, "%s", inBpm);
                      ^
src/metronome.c:338:22: error: 'inTst' undeclared (first use in this function)
     fscanf(fp, "%s", inTst);
                      ^
src/metronome.c:339:22: error: 'inTsb' undeclared (first use in this function)
     fscanf(fp, "%s", inTsb);
                      ^
src/metronome.c:344:11: warning: passing argument 1 of 'fclose' from incompatible pointer type [-Wincompatible-pointer-types]
    fclose(fp);
           ^
In file included from src/metronome.c:1:0:
C:/Users/Andre/qnx700/target/qnx7/usr/include/stdio.h:154:12: note: expected 'FILE * {aka struct _Filet *}' but argument is of type 'char **'
Makefile:55: recipe for target 'build/x86_64-debug/src/metronome.o' failed
 extern int fclose(FILE *__fp);
            ^
cc: C:/Users/Andre/qnx700/host/win64/x86_64/usr/lib/gcc/x86_64-pc-nto-qnx7.0.0/5.4.0/cc1 caught signal 1
make: *** [build/x86_64-debug/src/metronome.o] Error 1
19:19:27 **** Incremental Build of configuration x86_64-debug for project metronome ****
make -j12 all 
qcc -Vgcc_ntox86_64 -c -Wp,-MMD,build/x86_64-debug/src/metronome.d,-MT,build/x86_64-debug/src/metronome.o -o build/x86_64-debug/src/metronome.o  -Wall -fmessage-length=0 -g -O0 -fno-builtin  src/metronome.c
src/metronome.c: In function 'main':
src/metronome.c:335:23: error: 'command' undeclared (first use in this function)
    fscanf(file, "%s", command);
                       ^
src/metronome.c:335:23: note: each undeclared identifier is reported only once for each function it appears in
src/metronome.c:338:24: error: 'inBpm' undeclared (first use in this function)
     fscanf(file, "%s", inBpm);
                        ^
src/metronome.c:339:24: error: 'inTst' undeclared (first use in this function)
     fscanf(file, "%s", inTst);
                        ^
src/metronome.c:340:24: error: 'inTsb' undeclared (first use in this function)
     fscanf(file, "%s", inTsb);
                        ^
src/metronome.c:345:11: error: 'fp' undeclared (first use in this function)
    fclose(fp);
           ^
src/metronome.c:345:11: warning: passing argument 1 of 'fclose' from incompatible pointer type [-Wincompatible-pointer-types]
In file included from src/metronome.c:1:0:
C:/Users/Andre/qnx700/target/qnx7/usr/include/stdio.h:154:12: note: expected 'FILE * {aka struct _Filet *}' but argument is of type 'char **'
 extern int fclose(FILE *__fp);
            ^
cc: C:/Users/Andre/qnx700/host/win64/x86_64/usr/lib/gcc/x86_64-pc-nto-qnx7.0.0/5.4.0/cc1 caught signal 1
Makefile:55: recipe for target 'build/x86_64-debug/src/metronome.o' failed
make: *** [build/x86_64-debug/src/metronome.o] Error 1
19:19:30 **** Incremental Build of configuration x86_64-debug for project metronome ****
make -j12 all 
qcc -Vgcc_ntox86_64 -c -Wp,-MMD,build/x86_64-debug/src/metronome.d,-MT,build/x86_64-debug/src/metronome.o -o build/x86_64-debug/src/metronome.o  -Wall -fmessage-length=0 -g -O0 -fno-builtin  src/metronome.c
src/metronome.c: In function 'main':
src/metronome.c:335:23: error: 'command' undeclared (first use in this function)
    fscanf(file, "%s", command);
                       ^
src/metronome.c:335:23: note: each undeclared identifier is reported only once for each function it appears in
src/metronome.c:338:24: error: 'inBpm' undeclared (first use in this function)
     fscanf(file, "%s", inBpm);
                        ^
src/metronome.c:339:24: error: 'inTst' undeclared (first use in this function)
     fscanf(file, "%s", inTst);
                        ^
src/metronome.c:340:24: error: 'inTsb' undeclared (first use in this function)
     fscanf(file, "%s", inTsb);
                        ^
src/metronome.c:345:11: error: 'fp' undeclared (first use in this function)
    fclose(fp);
           ^
src/metronome.c:345:11: warning: passing argument 1 of 'fclose' from incompatible pointer type [-Wincompatible-pointer-types]
In file included from src/metronome.c:1:0:
C:/Users/Andre/qnx700/target/qnx7/usr/include/stdio.h:154:12: note: expected 'FILE * {aka struct _Filet *}' but argument is of type 'char **'
 extern int fclose(FILE *__fp);
            ^
cc: C:/Users/Andre/qnx700/host/win64/x86_64/usr/lib/gcc/x86_64-pc-nto-qnx7.0.0/5.4.0/cc1 caught signal 1
Makefile:55: recipe for target 'build/x86_64-debug/src/metronome.o' failed
make: *** [build/x86_64-debug/src/metronome.o] Error 1
19:20:06 **** Incremental Build of configuration x86_64-debug for project metronome ****
make -j12 all 
qcc -Vgcc_ntox86_64 -c -Wp,-MMD,build/x86_64-debug/src/metronome.d,-MT,build/x86_64-debug/src/metronome.o -o build/x86_64-debug/src/metronome.o  -Wall -fmessage-length=0 -g -O0 -fno-builtin  src/metronome.c
src/metronome.c: In function 'main':
src/metronome.c:350:11: error: 'fp' undeclared (first use in this function)
    fclose(fp);
           ^
src/metronome.c:350:11: note: each undeclared identifier is reported only once for each function it appears in
cc: C:/Users/Andre/qnx700/host/win64/x86_64/usr/lib/gcc/x86_64-pc-nto-qnx7.0.0/5.4.0/cc1 caught signal 1
make: *** [build/x86_64-debug/src/metronome.o] Error 1
Makefile:55: recipe for target 'build/x86_64-debug/src/metronome.o' failed
19:20:14 **** Incremental Build of configuration x86_64-debug for project metronome ****
make -j12 all 
qcc -Vgcc_ntox86_64 -c -Wp,-MMD,build/x86_64-debug/src/metronome.d,-MT,build/x86_64-debug/src/metronome.o -o build/x86_64-debug/src/metronome.o  -Wall -fmessage-length=0 -g -O0 -fno-builtin  src/metronome.c
qcc -Vgcc_ntox86_64 -o build/x86_64-debug/metronome   build/x86_64-debug/src/metronome.o  
19:20:20 **** Incremental Build of configuration x86_64-debug for project metronome ****
make -j12 all 
make: Nothing to be done for 'all'.
19:23:33 **** Incremental Build of configuration x86_64-debug for project metronome ****
make -j12 all 
qcc -Vgcc_ntox86_64 -c -Wp,-MMD,build/x86_64-debug/src/metronome.d,-MT,build/x86_64-debug/src/metronome.o -o build/x86_64-debug/src/metronome.o  -Wall -fmessage-length=0 -g -O0 -fno-builtin  src/metronome.c
src/metronome.c: In function 'main':
src/metronome.c:344:3: error: case label does not reduce to an integer constant
   case"set":
   ^
cc: C:/Users/Andre/qnx700/host/win64/x86_64/usr/lib/gcc/x86_64-pc-nto-qnx7.0.0/5.4.0/cc1 caught signal 1
Makefile:55: recipe for target 'build/x86_64-debug/src/metronome.o' failed
make: *** [build/x86_64-debug/src/metronome.o] Error 1
19:23:39 **** Incremental Build of configuration x86_64-debug for project metronome ****
make -j12 all 
qcc -Vgcc_ntox86_64 -c -Wp,-MMD,build/x86_64-debug/src/metronome.d,-MT,build/x86_64-debug/src/metronome.o -o build/x86_64-debug/src/metronome.o  -Wall -fmessage-length=0 -g -O0 -fno-builtin  src/metronome.c
src/metronome.c: In function 'main':
src/metronome.c:344:3: error: case label does not reduce to an integer constant
   case "set":
   ^
cc: C:/Users/Andre/qnx700/host/win64/x86_64/usr/lib/gcc/x86_64-pc-nto-qnx7.0.0/5.4.0/cc1 caught signal 1
Makefile:55: recipe for target 'build/x86_64-debug/src/metronome.o' failed
make: *** [build/x86_64-debug/src/metronome.o] Error 1
19:26:20 **** Incremental Build of configuration x86_64-debug for project metronome ****
make -j12 all 
qcc -Vgcc_ntox86_64 -c -Wp,-MMD,build/x86_64-debug/src/metronome.d,-MT,build/x86_64-debug/src/metronome.o -o build/x86_64-debug/src/metronome.o  -Wall -fmessage-length=0 -g -O0 -fno-builtin  src/metronome.c
qcc -Vgcc_ntox86_64 -o build/x86_64-debug/metronome   build/x86_64-debug/src/metronome.o  
19:26:58 **** Incremental Build of configuration x86_64-debug for project metronome ****
make -j12 all 
qcc -Vgcc_ntox86_64 -c -Wp,-MMD,build/x86_64-debug/src/metronome.d,-MT,build/x86_64-debug/src/metronome.o -o build/x86_64-debug/src/metronome.o  -Wall -fmessage-length=0 -g -O0 -fno-builtin  src/metronome.c
qcc -Vgcc_ntox86_64 -o build/x86_64-debug/metronome   build/x86_64-debug/src/metronome.o  
19:27:02 **** Incremental Build of configuration x86_64-debug for project metronome ****
make -j12 all 
make: Nothing to be done for 'all'.
19:27:52 **** Incremental Build of configuration x86_64-debug for project metronome ****
make -j12 all 
make: Nothing to be done for 'all'.
19:29:29 **** Incremental Build of configuration x86_64-debug for project metronome ****
make -j12 all 
make: Nothing to be done for 'all'.
19:43:23 **** Incremental Build of configuration x86_64-debug for project metronome ****
make -j12 all 
make: Nothing to be done for 'all'.
19:48:15 **** Incremental Build of configuration x86_64-debug for project metronome ****
make -j12 all 
qcc -Vgcc_ntox86_64 -c -Wp,-MMD,build/x86_64-debug/src/metronome.d,-MT,build/x86_64-debug/src/metronome.o -o build/x86_64-debug/src/metronome.o  -Wall -fmessage-length=0 -g -O0 -fno-builtin  src/metronome.c
qcc -Vgcc_ntox86_64 -o build/x86_64-debug/metronome   build/x86_64-debug/src/metronome.o  
19:49:06 **** Incremental Build of configuration x86_64-debug for project metronome ****
make -j12 all 
make: Nothing to be done for 'all'.
19:49:09 **** Incremental Build of configuration x86_64-debug for project metronome ****
make -j12 all 
make: Nothing to be done for 'all'.
19:49:30 **** Incremental Build of configuration x86_64-debug for project metronome ****
make -j12 all 
qcc -Vgcc_ntox86_64 -c -Wp,-MMD,build/x86_64-debug/src/metronome.d,-MT,build/x86_64-debug/src/metronome.o -o build/x86_64-debug/src/metronome.o  -Wall -fmessage-length=0 -g -O0 -fno-builtin  src/metronome.c
qcc -Vgcc_ntox86_64 -o build/x86_64-debug/metronome   build/x86_64-debug/src/metronome.o  
19:49:31 **** Incremental Build of configuration x86_64-debug for project metronome ****
make -j12 all 
make: Nothing to be done for 'all'.
19:49:48 **** Incremental Build of configuration x86_64-debug for project metronome ****
make -j12 all 
qcc -Vgcc_ntox86_64 -c -Wp,-MMD,build/x86_64-debug/src/metronome.d,-MT,build/x86_64-debug/src/metronome.o -o build/x86_64-debug/src/metronome.o  -Wall -fmessage-length=0 -g -O0 -fno-builtin  src/metronome.c
qcc -Vgcc_ntox86_64 -o build/x86_64-debug/metronome   build/x86_64-debug/src/metronome.o  
19:49:49 **** Incremental Build of configuration x86_64-debug for project metronome ****
make -j12 all 
make: Nothing to be done for 'all'.
19:50:23 **** Incremental Build of configuration x86_64-debug for project metronome ****
make -j12 all 
qcc -Vgcc_ntox86_64 -c -Wp,-MMD,build/x86_64-debug/src/metronome.d,-MT,build/x86_64-debug/src/metronome.o -o build/x86_64-debug/src/metronome.o  -Wall -fmessage-length=0 -g -O0 -fno-builtin  src/metronome.c
qcc -Vgcc_ntox86_64 -o build/x86_64-debug/metronome   build/x86_64-debug/src/metronome.o  
19:50:24 **** Incremental Build of configuration x86_64-debug for project metronome ****
make -j12 all 
make: Nothing to be done for 'all'.
19:50:32 **** Incremental Build of configuration x86_64-debug for project metronome ****
make -j12 all 
qcc -Vgcc_ntox86_64 -c -Wp,-MMD,build/x86_64-debug/src/metronome.d,-MT,build/x86_64-debug/src/metronome.o -o build/x86_64-debug/src/metronome.o  -Wall -fmessage-length=0 -g -O0 -fno-builtin  src/metronome.c
qcc -Vgcc_ntox86_64 -o build/x86_64-debug/metronome   build/x86_64-debug/src/metronome.o  
19:50:32 **** Incremental Build of configuration x86_64-debug for project metronome ****
make -j12 all 
make: Nothing to be done for 'all'.
19:51:43 **** Incremental Build of configuration x86_64-debug for project metronome ****
make -j12 all 
qcc -Vgcc_ntox86_64 -c -Wp,-MMD,build/x86_64-debug/src/metronome.d,-MT,build/x86_64-debug/src/metronome.o -o build/x86_64-debug/src/metronome.o  -Wall -fmessage-length=0 -g -O0 -fno-builtin  src/metronome.c
src/metronome.c: In function 'setToFile':
src/metronome.c:159:8: error: 'fp' undeclared (first use in this function)
    if (fp == NULL) {
        ^
src/metronome.c:159:8: note: each undeclared identifier is reported only once for each function it appears in
cc: C:/Users/Andre/qnx700/host/win64/x86_64/usr/lib/gcc/x86_64-pc-nto-qnx7.0.0/5.4.0/cc1 caught signal 1
Makefile:55: recipe for target 'build/x86_64-debug/src/metronome.o' failed
make: *** [build/x86_64-debug/src/metronome.o] Error 1
19:51:48 **** Incremental Build of configuration x86_64-debug for project metronome ****
make -j12 all 
qcc -Vgcc_ntox86_64 -c -Wp,-MMD,build/x86_64-debug/src/metronome.d,-MT,build/x86_64-debug/src/metronome.o -o build/x86_64-debug/src/metronome.o  -Wall -fmessage-length=0 -g -O0 -fno-builtin  src/metronome.c
qcc -Vgcc_ntox86_64 -o build/x86_64-debug/metronome   build/x86_64-debug/src/metronome.o  
19:51:50 **** Incremental Build of configuration x86_64-debug for project metronome ****
make -j12 all 
make: Nothing to be done for 'all'.
19:55:24 **** Incremental Build of configuration x86_64-debug for project metronome ****
make -j12 all 
make: Nothing to be done for 'all'.
19:55:26 **** Incremental Build of configuration x86_64-debug for project metronome ****
make -j12 all 
make: Nothing to be done for 'all'.
19:55:53 **** Incremental Build of configuration x86_64-debug for project metronome ****
make -j12 all 
make: Nothing to be done for 'all'.
19:55:54 **** Incremental Build of configuration x86_64-debug for project metronome ****
make -j12 all 
make: Nothing to be done for 'all'.
19:56:04 **** Incremental Build of configuration x86_64-debug for project metronome ****
make -j12 all 
make: Nothing to be done for 'all'.
19:56:05 **** Incremental Build of configuration x86_64-debug for project metronome ****
make -j12 all 
make: Nothing to be done for 'all'.
20:08:10 **** Incremental Build of configuration x86_64-debug for project metronome ****
make -j12 all 
qcc -Vgcc_ntox86_64 -c -Wp,-MMD,build/x86_64-debug/src/metronome.d,-MT,build/x86_64-debug/src/metronome.o -o build/x86_64-debug/src/metronome.o  -Wall -fmessage-length=0 -g -O0 -fno-builtin  src/metronome.c
qcc -Vgcc_ntox86_64 -o build/x86_64-debug/metronome   build/x86_64-debug/src/metronome.o  
20:09:49 **** Incremental Build of configuration x86_64-debug for project metronome ****
make -j12 all 
make: Nothing to be done for 'all'.
20:09:59 **** Incremental Build of configuration x86_64-debug for project metronome ****
make -j12 all 
make: Nothing to be done for 'all'.
20:10:00 **** Incremental Build of configuration x86_64-debug for project metronome ****
make -j12 all 
make: Nothing to be done for 'all'.
20:10:07 **** Incremental Build of configuration x86_64-debug for project metronome ****
make -j12 all 
make: Nothing to be done for 'all'.
20:10:08 **** Incremental Build of configuration x86_64-debug for project metronome ****
make -j12 all 
make: Nothing to be done for 'all'.
20:11:40 **** Incremental Build of configuration x86_64-debug for project metronome ****
make -j12 all 
make: Nothing to be done for 'all'.
20:11:41 **** Incremental Build of configuration x86_64-debug for project metronome ****
make -j12 all 
make: Nothing to be done for 'all'.
20:21:15 **** Incremental Build of configuration x86_64-debug for project metronome ****
make -j12 all 
qcc -Vgcc_ntox86_64 -c -Wp,-MMD,build/x86_64-debug/src/metronome.d,-MT,build/x86_64-debug/src/metronome.o -o build/x86_64-debug/src/metronome.o  -Wall -fmessage-length=0 -g -O0 -fno-builtin  src/metronome.c
qcc -Vgcc_ntox86_64 -o build/x86_64-debug/metronome   build/x86_64-debug/src/metronome.o  
20:23:12 **** Incremental Build of configuration x86_64-debug for project metronome ****
make -j12 all 
qcc -Vgcc_ntox86_64 -c -Wp,-MMD,build/x86_64-debug/src/metronome.d,-MT,build/x86_64-debug/src/metronome.o -o build/x86_64-debug/src/metronome.o  -Wall -fmessage-length=0 -g -O0 -fno-builtin  src/metronome.c
src/metronome.c: In function 'set':
src/metronome.c:126:2: error: expected ';' before 'for'
  for (int i = 0; i < 8; i++) {
  ^
cc: C:/Users/Andre/qnx700/host/win64/x86_64/usr/lib/gcc/x86_64-pc-nto-qnx7.0.0/5.4.0/cc1 caught signal 1
Makefile:55: recipe for target 'build/x86_64-debug/src/metronome.o' failed
make: *** [build/x86_64-debug/src/metronome.o] Error 1
20:23:12 **** Incremental Build of configuration x86_64-debug for project metronome ****
make -j12 all 
qcc -Vgcc_ntox86_64 -c -Wp,-MMD,build/x86_64-debug/src/metronome.d,-MT,build/x86_64-debug/src/metronome.o -o build/x86_64-debug/src/metronome.o  -Wall -fmessage-length=0 -g -O0 -fno-builtin  src/metronome.c
src/metronome.c: In function 'set':
src/metronome.c:126:2: error: expected ';' before 'for'
  for (int i = 0; i < 8; i++) {
  ^
cc: C:/Users/Andre/qnx700/host/win64/x86_64/usr/lib/gcc/x86_64-pc-nto-qnx7.0.0/5.4.0/cc1 caught signal 1
make: *** [build/x86_64-debug/src/metronome.o] Error 1
Makefile:55: recipe for target 'build/x86_64-debug/src/metronome.o' failed
20:23:23 **** Incremental Build of configuration x86_64-debug for project metronome ****
make -j12 all 
qcc -Vgcc_ntox86_64 -c -Wp,-MMD,build/x86_64-debug/src/metronome.d,-MT,build/x86_64-debug/src/metronome.o -o build/x86_64-debug/src/metronome.o  -Wall -fmessage-length=0 -g -O0 -fno-builtin  src/metronome.c
qcc -Vgcc_ntox86_64 -o build/x86_64-debug/metronome   build/x86_64-debug/src/metronome.o  
20:24:21 **** Incremental Build of configuration x86_64-debug for project metronome ****
make -j12 all 
qcc -Vgcc_ntox86_64 -c -Wp,-MMD,build/x86_64-debug/src/metronome.d,-MT,build/x86_64-debug/src/metronome.o -o build/x86_64-debug/src/metronome.o  -Wall -fmessage-length=0 -g -O0 -fno-builtin  src/metronome.c
qcc -Vgcc_ntox86_64 -o build/x86_64-debug/metronome   build/x86_64-debug/src/metronome.o  
20:43:16 **** Incremental Build of configuration x86_64-debug for project metronome ****
make -j12 all 
qcc -Vgcc_ntox86_64 -c -Wp,-MMD,build/x86_64-debug/src/metronome.d,-MT,build/x86_64-debug/src/metronome.o -o build/x86_64-debug/src/metronome.o  -Wall -fmessage-length=0 -g -O0 -fno-builtin  src/metronome.c
src/metronome.c: In function 'main':
src/metronome.c:358:11: warning: missing terminating " character
    printf("values to be moved to file = %s\n, input);
           ^
src/metronome.c:358:4: error: missing terminating " character
    printf("values to be moved to file = %s\n, input);
    ^
src/metronome.c:359:14: error: expected ')' before ';' token
    set(input);
              ^
src/metronome.c:360:3: error: invalid use of void expression
   }
   ^
src/metronome.c:360:3: error: expected ';' before '}' token
cc: C:/Users/Andre/qnx700/host/win64/x86_64/usr/lib/gcc/x86_64-pc-nto-qnx7.0.0/5.4.0/cc1 caught signal 1
Makefile:55: recipe for target 'build/x86_64-debug/src/metronome.o' failed
make: *** [build/x86_64-debug/src/metronome.o] Error 1
20:43:17 **** Incremental Build of configuration x86_64-debug for project metronome ****
make -j12 all 
qcc -Vgcc_ntox86_64 -c -Wp,-MMD,build/x86_64-debug/src/metronome.d,-MT,build/x86_64-debug/src/metronome.o -o build/x86_64-debug/src/metronome.o  -Wall -fmessage-length=0 -g -O0 -fno-builtin  src/metronome.c
src/metronome.c: In function 'main':
src/metronome.c:358:11: warning: missing terminating " character
    printf("values to be moved to file = %s\n, input);
           ^
src/metronome.c:358:4: error: missing terminating " character
    printf("values to be moved to file = %s\n, input);
    ^
src/metronome.c:359:14: error: expected ')' before ';' token
    set(input);
              ^
src/metronome.c:360:3: error: invalid use of void expression
   }
   ^
src/metronome.c:360:3: error: expected ';' before '}' token
cc: C:/Users/Andre/qnx700/host/win64/x86_64/usr/lib/gcc/x86_64-pc-nto-qnx7.0.0/5.4.0/cc1 caught signal 1
Makefile:55: recipe for target 'build/x86_64-debug/src/metronome.o' failed
make: *** [build/x86_64-debug/src/metronome.o] Error 1
20:43:24 **** Incremental Build of configuration x86_64-debug for project metronome ****
make -j12 all 
qcc -Vgcc_ntox86_64 -c -Wp,-MMD,build/x86_64-debug/src/metronome.d,-MT,build/x86_64-debug/src/metronome.o -o build/x86_64-debug/src/metronome.o  -Wall -fmessage-length=0 -g -O0 -fno-builtin  src/metronome.c
qcc -Vgcc_ntox86_64 -o build/x86_64-debug/metronome   build/x86_64-debug/src/metronome.o  
20:44:27 **** Incremental Build of configuration x86_64-debug for project metronome ****
make -j12 all 
qcc -Vgcc_ntox86_64 -c -Wp,-MMD,build/x86_64-debug/src/metronome.d,-MT,build/x86_64-debug/src/metronome.o -o build/x86_64-debug/src/metronome.o  -Wall -fmessage-length=0 -g -O0 -fno-builtin  src/metronome.c
qcc -Vgcc_ntox86_64 -o build/x86_64-debug/metronome   build/x86_64-debug/src/metronome.o  
20:45:37 **** Incremental Build of configuration x86_64-debug for project metronome ****
make -j12 all 
qcc -Vgcc_ntox86_64 -c -Wp,-MMD,build/x86_64-debug/src/metronome.d,-MT,build/x86_64-debug/src/metronome.o -o build/x86_64-debug/src/metronome.o  -Wall -fmessage-length=0 -g -O0 -fno-builtin  src/metronome.c
qcc -Vgcc_ntox86_64 -o build/x86_64-debug/metronome   build/x86_64-debug/src/metronome.o  
20:45:38 **** Incremental Build of configuration x86_64-debug for project metronome ****
make -j12 all 
make: Nothing to be done for 'all'.
23:50:03 **** Incremental Build of configuration x86_64-debug for project metronome ****
make -j12 all 
qcc -Vgcc_ntox86_64 -c -Wp,-MMD,build/x86_64-debug/src/metronome.d,-MT,build/x86_64-debug/src/metronome.o -o build/x86_64-debug/src/metronome.o  -Wall -fmessage-length=0 -g -O0 -fno-builtin  src/metronome.c
qcc -Vgcc_ntox86_64 -o build/x86_64-debug/metronome   build/x86_64-debug/src/metronome.o  
23:52:26 **** Incremental Build of configuration x86_64-debug for project metronome ****
make -j12 all 
qcc -Vgcc_ntox86_64 -c -Wp,-MMD,build/x86_64-debug/src/metronome.d,-MT,build/x86_64-debug/src/metronome.o -o build/x86_64-debug/src/metronome.o  -Wall -fmessage-length=0 -g -O0 -fno-builtin  src/metronome.c
src/metronome.c: In function 'main':
src/metronome.c:368:14: error: 'tempBpm' undeclared (first use in this function)
    if(bpm == tempBpm && tst == tempTst && tsb == tempTsb)
              ^
src/metronome.c:368:14: note: each undeclared identifier is reported only once for each function it appears in
src/metronome.c:368:32: error: 'tempTst' undeclared (first use in this function)
    if(bpm == tempBpm && tst == tempTst && tsb == tempTsb)
                                ^
src/metronome.c:368:50: error: 'tempTsb' undeclared (first use in this function)
    if(bpm == tempBpm && tst == tempTst && tsb == tempTsb)
                                                  ^
cc: C:/Users/Andre/qnx700/host/win64/x86_64/usr/lib/gcc/x86_64-pc-nto-qnx7.0.0/5.4.0/cc1 caught signal 1
Makefile:55: recipe for target 'build/x86_64-debug/src/metronome.o' failed
make: *** [build/x86_64-debug/src/metronome.o] Error 1
23:52:44 **** Incremental Build of configuration x86_64-debug for project metronome ****
make -j12 all 
qcc -Vgcc_ntox86_64 -c -Wp,-MMD,build/x86_64-debug/src/metronome.d,-MT,build/x86_64-debug/src/metronome.o -o build/x86_64-debug/src/metronome.o  -Wall -fmessage-length=0 -g -O0 -fno-builtin  src/metronome.c
src/metronome.c: In function 'main':
src/metronome.c:368:11: warning: comparison between pointer and integer
    if(bpm == inBpm && tst == inTst && tsb == inTsb)
           ^
src/metronome.c:368:27: warning: comparison between pointer and integer
    if(bpm == inBpm && tst == inTst && tsb == inTsb)
                           ^
src/metronome.c:368:43: warning: comparison between pointer and integer
    if(bpm == inBpm && tst == inTst && tsb == inTsb)
                                           ^
qcc -Vgcc_ntox86_64 -o build/x86_64-debug/metronome   build/x86_64-debug/src/metronome.o  
23:52:44 **** Incremental Build of configuration x86_64-debug for project metronome ****
make -j12 all 
make: Nothing to be done for 'all'.
23:54:03 **** Incremental Build of configuration x86_64-debug for project metronome ****
make -j12 all 
qcc -Vgcc_ntox86_64 -c -Wp,-MMD,build/x86_64-debug/src/metronome.d,-MT,build/x86_64-debug/src/metronome.o -o build/x86_64-debug/src/metronome.o  -Wall -fmessage-length=0 -g -O0 -fno-builtin  src/metronome.c
src/metronome.c: In function 'main':
src/metronome.c:369:14: warning: passing argument 1 of 'strcmp' makes pointer from integer without a cast [-Wint-conversion]
    if(strcmp(bpm,inBpm) && strcmp(tst, inTst) && strcmp(tsb, inTsb))
              ^
In file included from src/metronome.c:5:0:
C:/Users/Andre/qnx700/target/qnx7/usr/include/string.h:74:12: note: expected 'const char *' but argument is of type 'int'
 extern int strcmp(const char *__s1, const char *__s2);
            ^
src/metronome.c:369:35: warning: passing argument 1 of 'strcmp' makes pointer from integer without a cast [-Wint-conversion]
    if(strcmp(bpm,inBpm) && strcmp(tst, inTst) && strcmp(tsb, inTsb))
                                   ^
In file included from src/metronome.c:5:0:
C:/Users/Andre/qnx700/target/qnx7/usr/include/string.h:74:12: note: expected 'const char *' but argument is of type 'int'
 extern int strcmp(const char *__s1, const char *__s2);
            ^
src/metronome.c:369:57: warning: passing argument 1 of 'strcmp' makes pointer from integer without a cast [-Wint-conversion]
    if(strcmp(bpm,inBpm) && strcmp(tst, inTst) && strcmp(tsb, inTsb))
                                                         ^
In file included from src/metronome.c:5:0:
C:/Users/Andre/qnx700/target/qnx7/usr/include/string.h:74:12: note: expected 'const char *' but argument is of type 'int'
 extern int strcmp(const char *__s1, const char *__s2);
            ^
qcc -Vgcc_ntox86_64 -o build/x86_64-debug/metronome   build/x86_64-debug/src/metronome.o  
23:54:22 **** Incremental Build of configuration x86_64-debug for project metronome ****
make -j12 all 
qcc -Vgcc_ntox86_64 -c -Wp,-MMD,build/x86_64-debug/src/metronome.d,-MT,build/x86_64-debug/src/metronome.o -o build/x86_64-debug/src/metronome.o  -Wall -fmessage-length=0 -g -O0 -fno-builtin  src/metronome.c
src/metronome.c: In function 'main':
src/metronome.c:369:14: warning: passing argument 1 of 'strcmp' makes pointer from integer without a cast [-Wint-conversion]
    if(strcmp(bpm,inBpm) == 0 && strcmp(tst, inTst) ==0 && strcmp(tsb, inTsb) == 0)
              ^
In file included from src/metronome.c:5:0:
C:/Users/Andre/qnx700/target/qnx7/usr/include/string.h:74:12: note: expected 'const char *' but argument is of type 'int'
 extern int strcmp(const char *__s1, const char *__s2);
            ^
src/metronome.c:369:40: warning: passing argument 1 of 'strcmp' makes pointer from integer without a cast [-Wint-conversion]
    if(strcmp(bpm,inBpm) == 0 && strcmp(tst, inTst) ==0 && strcmp(tsb, inTsb) == 0)
                                        ^
In file included from src/metronome.c:5:0:
C:/Users/Andre/qnx700/target/qnx7/usr/include/string.h:74:12: note: expected 'const char *' but argument is of type 'int'
 extern int strcmp(const char *__s1, const char *__s2);
            ^
src/metronome.c:369:66: warning: passing argument 1 of 'strcmp' makes pointer from integer without a cast [-Wint-conversion]
    if(strcmp(bpm,inBpm) == 0 && strcmp(tst, inTst) ==0 && strcmp(tsb, inTsb) == 0)
                                                                  ^
In file included from src/metronome.c:5:0:
C:/Users/Andre/qnx700/target/qnx7/usr/include/string.h:74:12: note: expected 'const char *' but argument is of type 'int'
 extern int strcmp(const char *__s1, const char *__s2);
            ^
qcc -Vgcc_ntox86_64 -o build/x86_64-debug/metronome   build/x86_64-debug/src/metronome.o  
23:55:45 **** Incremental Build of configuration x86_64-debug for project metronome ****
make -j12 all 
qcc -Vgcc_ntox86_64 -c -Wp,-MMD,build/x86_64-debug/src/metronome.d,-MT,build/x86_64-debug/src/metronome.o -o build/x86_64-debug/src/metronome.o  -Wall -fmessage-length=0 -g -O0 -fno-builtin  src/metronome.c
src/metronome.c: In function 'main':
src/metronome.c:369:36: error: too few arguments to function 'strcmp'
    if(bpm == atoi(inBpm) && tst == strcmp(inTst) && tsb == strcmp(inTsb))
                                    ^
In file included from src/metronome.c:5:0:
C:/Users/Andre/qnx700/target/qnx7/usr/include/string.h:74:12: note: declared here
 extern int strcmp(const char *__s1, const char *__s2);
            ^
src/metronome.c:369:60: error: too few arguments to function 'strcmp'
    if(bpm == atoi(inBpm) && tst == strcmp(inTst) && tsb == strcmp(inTsb))
                                                            ^
In file included from src/metronome.c:5:0:
C:/Users/Andre/qnx700/target/qnx7/usr/include/string.h:74:12: note: declared here
 extern int strcmp(const char *__s1, const char *__s2);
            ^
cc: C:/Users/Andre/qnx700/host/win64/x86_64/usr/lib/gcc/x86_64-pc-nto-qnx7.0.0/5.4.0/cc1 caught signal 1
Makefile:55: recipe for target 'build/x86_64-debug/src/metronome.o' failed
make: *** [build/x86_64-debug/src/metronome.o] Error 1
23:55:56 **** Incremental Build of configuration x86_64-debug for project metronome ****
make -j12 all 
qcc -Vgcc_ntox86_64 -c -Wp,-MMD,build/x86_64-debug/src/metronome.d,-MT,build/x86_64-debug/src/metronome.o -o build/x86_64-debug/src/metronome.o  -Wall -fmessage-length=0 -g -O0 -fno-builtin  src/metronome.c
qcc -Vgcc_ntox86_64 -o build/x86_64-debug/metronome   build/x86_64-debug/src/metronome.o  
23:58:54 **** Incremental Build of configuration x86_64-debug for project metronome ****
make -j12 all 
qcc -Vgcc_ntox86_64 -c -Wp,-MMD,build/x86_64-debug/src/metronome.d,-MT,build/x86_64-debug/src/metronome.o -o build/x86_64-debug/src/metronome.o  -Wall -fmessage-length=0 -g -O0 -fno-builtin  src/metronome.c
qcc -Vgcc_ntox86_64 -o build/x86_64-debug/metronome   build/x86_64-debug/src/metronome.o  
23:59:09 **** Incremental Build of configuration x86_64-debug for project metronome ****
make -j12 all 
qcc -Vgcc_ntox86_64 -c -Wp,-MMD,build/x86_64-debug/src/metronome.d,-MT,build/x86_64-debug/src/metronome.o -o build/x86_64-debug/src/metronome.o  -Wall -fmessage-length=0 -g -O0 -fno-builtin  src/metronome.c
qcc -Vgcc_ntox86_64 -o build/x86_64-debug/metronome   build/x86_64-debug/src/metronome.o  
23:59:30 **** Incremental Build of configuration x86_64-debug for project metronome ****
make -j12 all 
qcc -Vgcc_ntox86_64 -c -Wp,-MMD,build/x86_64-debug/src/metronome.d,-MT,build/x86_64-debug/src/metronome.o -o build/x86_64-debug/src/metronome.o  -Wall -fmessage-length=0 -g -O0 -fno-builtin  src/metronome.c
qcc -Vgcc_ntox86_64 -o build/x86_64-debug/metronome   build/x86_64-debug/src/metronome.o  
23:59:31 **** Incremental Build of configuration x86_64-debug for project metronome ****
make -j12 all 
make: Nothing to be done for 'all'.
00:00:53 **** Incremental Build of configuration x86_64-debug for project metronome ****
make -j12 all 
qcc -Vgcc_ntox86_64 -c -Wp,-MMD,build/x86_64-debug/src/metronome.d,-MT,build/x86_64-debug/src/metronome.o -o build/x86_64-debug/src/metronome.o  -Wall -fmessage-length=0 -g -O0 -fno-builtin  src/metronome.c
qcc -Vgcc_ntox86_64 -o build/x86_64-debug/metronome   build/x86_64-debug/src/metronome.o  
00:01:43 **** Incremental Build of configuration x86_64-debug for project metronome ****
make -j12 all 
qcc -Vgcc_ntox86_64 -c -Wp,-MMD,build/x86_64-debug/src/metronome.d,-MT,build/x86_64-debug/src/metronome.o -o build/x86_64-debug/src/metronome.o  -Wall -fmessage-length=0 -g -O0 -fno-builtin  src/metronome.c
qcc -Vgcc_ntox86_64 -o build/x86_64-debug/metronome   build/x86_64-debug/src/metronome.o  
00:03:57 **** Incremental Build of configuration x86_64-debug for project metronome ****
make -j12 all 
qcc -Vgcc_ntox86_64 -c -Wp,-MMD,build/x86_64-debug/src/metronome.d,-MT,build/x86_64-debug/src/metronome.o -o build/x86_64-debug/src/metronome.o  -Wall -fmessage-length=0 -g -O0 -fno-builtin  src/metronome.c
qcc -Vgcc_ntox86_64 -o build/x86_64-debug/metronome   build/x86_64-debug/src/metronome.o  
00:03:59 **** Incremental Build of configuration x86_64-debug for project metronome ****
make -j12 all 
make: Nothing to be done for 'all'.
00:04:07 **** Incremental Build of configuration x86_64-debug for project metronome ****
make -j12 all 
qcc -Vgcc_ntox86_64 -c -Wp,-MMD,build/x86_64-debug/src/metronome.d,-MT,build/x86_64-debug/src/metronome.o -o build/x86_64-debug/src/metronome.o  -Wall -fmessage-length=0 -g -O0 -fno-builtin  src/metronome.c
qcc -Vgcc_ntox86_64 -o build/x86_64-debug/metronome   build/x86_64-debug/src/metronome.o  
00:04:08 **** Incremental Build of configuration x86_64-debug for project metronome ****
make -j12 all 
make: Nothing to be done for 'all'.
00:16:43 **** Incremental Build of configuration x86_64-debug for project metronome ****
make -j12 all 
qcc -Vgcc_ntox86_64 -c -Wp,-MMD,build/x86_64-debug/src/metronome.d,-MT,build/x86_64-debug/src/metronome.o -o build/x86_64-debug/src/metronome.o  -Wall -fmessage-length=0 -g -O0 -fno-builtin  src/metronome.c
qcc -Vgcc_ntox86_64 -o build/x86_64-debug/metronome   build/x86_64-debug/src/metronome.o  
00:18:00 **** Incremental Build of configuration x86_64-debug for project metronome ****
make -j12 all 
qcc -Vgcc_ntox86_64 -c -Wp,-MMD,build/x86_64-debug/src/metronome.d,-MT,build/x86_64-debug/src/metronome.o -o build/x86_64-debug/src/metronome.o  -Wall -fmessage-length=0 -g -O0 -fno-builtin  src/metronome.c
qcc -Vgcc_ntox86_64 -o build/x86_64-debug/metronome   build/x86_64-debug/src/metronome.o  
00:19:10 **** Incremental Build of configuration x86_64-debug for project metronome ****
make -j12 all 
make: Nothing to be done for 'all'.
00:20:49 **** Incremental Build of configuration x86_64-debug for project metronome ****
make -j12 all 
qcc -Vgcc_ntox86_64 -c -Wp,-MMD,build/x86_64-debug/src/metronome.d,-MT,build/x86_64-debug/src/metronome.o -o build/x86_64-debug/src/metronome.o  -Wall -fmessage-length=0 -g -O0 -fno-builtin  src/metronome.c
qcc -Vgcc_ntox86_64 -o build/x86_64-debug/metronome   build/x86_64-debug/src/metronome.o  
00:21:23 **** Incremental Build of configuration x86_64-debug for project metronome ****
make -j12 all 
qcc -Vgcc_ntox86_64 -c -Wp,-MMD,build/x86_64-debug/src/metronome.d,-MT,build/x86_64-debug/src/metronome.o -o build/x86_64-debug/src/metronome.o  -Wall -fmessage-length=0 -g -O0 -fno-builtin  src/metronome.c
qcc -Vgcc_ntox86_64 -o build/x86_64-debug/metronome   build/x86_64-debug/src/metronome.o  
00:22:19 **** Incremental Build of configuration x86_64-debug for project metronome ****
make -j12 all 
qcc -Vgcc_ntox86_64 -c -Wp,-MMD,build/x86_64-debug/src/metronome.d,-MT,build/x86_64-debug/src/metronome.o -o build/x86_64-debug/src/metronome.o  -Wall -fmessage-length=0 -g -O0 -fno-builtin  src/metronome.c
qcc -Vgcc_ntox86_64 -o build/x86_64-debug/metronome   build/x86_64-debug/src/metronome.o  
00:23:07 **** Incremental Build of configuration x86_64-debug for project metronome ****
make -j12 all 
make: Nothing to be done for 'all'.
00:24:46 **** Incremental Build of configuration x86_64-debug for project metronome ****
make -j12 all 
qcc -Vgcc_ntox86_64 -c -Wp,-MMD,build/x86_64-debug/src/metronome.d,-MT,build/x86_64-debug/src/metronome.o -o build/x86_64-debug/src/metronome.o  -Wall -fmessage-length=0 -g -O0 -fno-builtin  src/metronome.c
qcc -Vgcc_ntox86_64 -o build/x86_64-debug/metronome   build/x86_64-debug/src/metronome.o  
00:24:51 **** Incremental Build of configuration x86_64-debug for project metronome ****
make -j12 all 
make: Nothing to be done for 'all'.
00:25:52 **** Incremental Build of configuration x86_64-debug for project metronome ****
make -j12 all 
qcc -Vgcc_ntox86_64 -c -Wp,-MMD,build/x86_64-debug/src/metronome.d,-MT,build/x86_64-debug/src/metronome.o -o build/x86_64-debug/src/metronome.o  -Wall -fmessage-length=0 -g -O0 -fno-builtin  src/metronome.c
qcc -Vgcc_ntox86_64 -o build/x86_64-debug/metronome   build/x86_64-debug/src/metronome.o  
00:28:01 **** Incremental Build of configuration x86_64-debug for project metronome ****
make -j12 all 
qcc -Vgcc_ntox86_64 -c -Wp,-MMD,build/x86_64-debug/src/metronome.d,-MT,build/x86_64-debug/src/metronome.o -o build/x86_64-debug/src/metronome.o  -Wall -fmessage-length=0 -g -O0 -fno-builtin  src/metronome.c
qcc -Vgcc_ntox86_64 -o build/x86_64-debug/metronome   build/x86_64-debug/src/metronome.o  
00:33:57 **** Incremental Build of configuration x86_64-debug for project metronome ****
make -j12 all 
qcc -Vgcc_ntox86_64 -c -Wp,-MMD,build/x86_64-debug/src/metronome.d,-MT,build/x86_64-debug/src/metronome.o -o build/x86_64-debug/src/metronome.o  -Wall -fmessage-length=0 -g -O0 -fno-builtin  src/metronome.c
qcc -Vgcc_ntox86_64 -o build/x86_64-debug/metronome   build/x86_64-debug/src/metronome.o  
00:34:59 **** Incremental Build of configuration x86_64-debug for project metronome ****
make -j12 all 
qcc -Vgcc_ntox86_64 -c -Wp,-MMD,build/x86_64-debug/src/metronome.d,-MT,build/x86_64-debug/src/metronome.o -o build/x86_64-debug/src/metronome.o  -Wall -fmessage-length=0 -g -O0 -fno-builtin  src/metronome.c
qcc -Vgcc_ntox86_64 -o build/x86_64-debug/metronome   build/x86_64-debug/src/metronome.o  
00:35:30 **** Incremental Build of configuration x86_64-debug for project metronome ****
make -j12 all 
qcc -Vgcc_ntox86_64 -c -Wp,-MMD,build/x86_64-debug/src/metronome.d,-MT,build/x86_64-debug/src/metronome.o -o build/x86_64-debug/src/metronome.o  -Wall -fmessage-length=0 -g -O0 -fno-builtin  src/metronome.c
qcc -Vgcc_ntox86_64 -o build/x86_64-debug/metronome   build/x86_64-debug/src/metronome.o  
00:37:49 **** Incremental Build of configuration x86_64-debug for project metronome ****
make -j12 all 
qcc -Vgcc_ntox86_64 -c -Wp,-MMD,build/x86_64-debug/src/metronome.d,-MT,build/x86_64-debug/src/metronome.o -o build/x86_64-debug/src/metronome.o  -Wall -fmessage-length=0 -g -O0 -fno-builtin  src/metronome.c
qcc -Vgcc_ntox86_64 -o build/x86_64-debug/metronome   build/x86_64-debug/src/metronome.o  
00:38:42 **** Incremental Build of configuration x86_64-debug for project metronome ****
make -j12 all 
qcc -Vgcc_ntox86_64 -c -Wp,-MMD,build/x86_64-debug/src/metronome.d,-MT,build/x86_64-debug/src/metronome.o -o build/x86_64-debug/src/metronome.o  -Wall -fmessage-length=0 -g -O0 -fno-builtin  src/metronome.c
qcc -Vgcc_ntox86_64 -o build/x86_64-debug/metronome   build/x86_64-debug/src/metronome.o  
12:01:57 **** Incremental Build of configuration x86_64-debug for project metronome ****
make -j12 all 
qcc -Vgcc_ntox86_64 -c -Wp,-MMD,build/x86_64-debug/src/metronome.d,-MT,build/x86_64-debug/src/metronome.o -o build/x86_64-debug/src/metronome.o  -Wall -fmessage-length=0 -g -O0 -fno-builtin  src/metronome.c
qcc -Vgcc_ntox86_64 -o build/x86_64-debug/metronome   build/x86_64-debug/src/metronome.o  
12:02:30 **** Incremental Build of configuration x86_64-debug for project metronome ****
make -j12 all 
qcc -Vgcc_ntox86_64 -c -Wp,-MMD,build/x86_64-debug/src/metronome.d,-MT,build/x86_64-debug/src/metronome.o -o build/x86_64-debug/src/metronome.o  -Wall -fmessage-length=0 -g -O0 -fno-builtin  src/metronome.c
qcc -Vgcc_ntox86_64 -o build/x86_64-debug/metronome   build/x86_64-debug/src/metronome.o  
12:03:07 **** Incremental Build of configuration x86_64-debug for project metronome ****
make -j12 all 
make: Nothing to be done for 'all'.
12:06:50 **** Incremental Build of configuration x86_64-debug for project metronome ****
make -j12 all 
qcc -Vgcc_ntox86_64 -c -Wp,-MMD,build/x86_64-debug/src/metronome.d,-MT,build/x86_64-debug/src/metronome.o -o build/x86_64-debug/src/metronome.o  -Wall -fmessage-length=0 -g -O0 -fno-builtin  src/metronome.c
qcc -Vgcc_ntox86_64 -o build/x86_64-debug/metronome   build/x86_64-debug/src/metronome.o  
12:07:11 **** Incremental Build of configuration x86_64-debug for project metronome ****
make -j12 all 
qcc -Vgcc_ntox86_64 -c -Wp,-MMD,build/x86_64-debug/src/metronome.d,-MT,build/x86_64-debug/src/metronome.o -o build/x86_64-debug/src/metronome.o  -Wall -fmessage-length=0 -g -O0 -fno-builtin  src/metronome.c
qcc -Vgcc_ntox86_64 -o build/x86_64-debug/metronome   build/x86_64-debug/src/metronome.o  
12:07:30 **** Incremental Build of configuration x86_64-debug for project metronome ****
make -j12 all 
qcc -Vgcc_ntox86_64 -c -Wp,-MMD,build/x86_64-debug/src/metronome.d,-MT,build/x86_64-debug/src/metronome.o -o build/x86_64-debug/src/metronome.o  -Wall -fmessage-length=0 -g -O0 -fno-builtin  src/metronome.c
qcc -Vgcc_ntox86_64 -o build/x86_64-debug/metronome   build/x86_64-debug/src/metronome.o  
12:07:43 **** Incremental Build of configuration x86_64-debug for project metronome ****
make -j12 all 
qcc -Vgcc_ntox86_64 -c -Wp,-MMD,build/x86_64-debug/src/metronome.d,-MT,build/x86_64-debug/src/metronome.o -o build/x86_64-debug/src/metronome.o  -Wall -fmessage-length=0 -g -O0 -fno-builtin  src/metronome.c
qcc -Vgcc_ntox86_64 -o build/x86_64-debug/metronome   build/x86_64-debug/src/metronome.o  
12:08:48 **** Incremental Build of configuration x86_64-debug for project metronome ****
make -j12 all 
qcc -Vgcc_ntox86_64 -c -Wp,-MMD,build/x86_64-debug/src/metronome.d,-MT,build/x86_64-debug/src/metronome.o -o build/x86_64-debug/src/metronome.o  -Wall -fmessage-length=0 -g -O0 -fno-builtin  src/metronome.c
qcc -Vgcc_ntox86_64 -o build/x86_64-debug/metronome   build/x86_64-debug/src/metronome.o  
12:09:20 **** Incremental Build of configuration x86_64-debug for project metronome ****
make -j12 all 
qcc -Vgcc_ntox86_64 -c -Wp,-MMD,build/x86_64-debug/src/metronome.d,-MT,build/x86_64-debug/src/metronome.o -o build/x86_64-debug/src/metronome.o  -Wall -fmessage-length=0 -g -O0 -fno-builtin  src/metronome.c
qcc -Vgcc_ntox86_64 -o build/x86_64-debug/metronome   build/x86_64-debug/src/metronome.o  
12:56:16 **** Incremental Build of configuration x86_64-debug for project metronome ****
make -j12 all 
qcc -Vgcc_ntox86_64 -c -Wp,-MMD,build/x86_64-debug/src/metronome.d,-MT,build/x86_64-debug/src/metronome.o -o build/x86_64-debug/src/metronome.o  -Wall -fmessage-length=0 -g -O0 -fno-builtin  src/metronome.c
qcc -Vgcc_ntox86_64 -o build/x86_64-debug/metronome   build/x86_64-debug/src/metronome.o  
13:02:11 **** Incremental Build of configuration x86_64-debug for project metronome ****
make -j12 all 
make: Nothing to be done for 'all'.
13:02:34 **** Incremental Build of configuration x86_64-debug for project metronome ****
make -j12 all 
qcc -Vgcc_ntox86_64 -c -Wp,-MMD,build/x86_64-debug/src/metronome.d,-MT,build/x86_64-debug/src/metronome.o -o build/x86_64-debug/src/metronome.o  -Wall -fmessage-length=0 -g -O0 -fno-builtin  src/metronome.c
qcc -Vgcc_ntox86_64 -o build/x86_64-debug/metronome   build/x86_64-debug/src/metronome.o  
13:13:55 **** Incremental Build of configuration x86_64-debug for project metronome ****
make -j12 all 
qcc -Vgcc_ntox86_64 -c -Wp,-MMD,build/x86_64-debug/src/metronome.d,-MT,build/x86_64-debug/src/metronome.o -o build/x86_64-debug/src/metronome.o  -Wall -fmessage-length=0 -g -O0 -fno-builtin  src/metronome.c
qcc -Vgcc_ntox86_64 -o build/x86_64-debug/metronome   build/x86_64-debug/src/metronome.o  
16:29:24 **** Incremental Build of configuration x86_64-debug for project metronome ****
make -j12 all 
qcc -Vgcc_ntox86_64 -c -Wp,-MMD,build/x86_64-debug/src/metronome.d,-MT,build/x86_64-debug/src/metronome.o -o build/x86_64-debug/src/metronome.o  -Wall -fmessage-length=0 -g -O0 -fno-builtin  src/metronome.c
qcc -Vgcc_ntox86_64 -o build/x86_64-debug/metronome   build/x86_64-debug/src/metronome.o  
11:38:49 **** Incremental Build of configuration x86_64-debug for project metronome ****
make -j12 all 
qcc -Vgcc_ntox86_64 -c -Wp,-MMD,build/x86_64-debug/src/metronome.d,-MT,build/x86_64-debug/src/metronome.o -o build/x86_64-debug/src/metronome.o  -Wall -fmessage-length=0 -g -O0 -fno-builtin  src/metronome.c
qcc -Vgcc_ntox86_64 -o build/x86_64-debug/metronome   build/x86_64-debug/src/metronome.o  
11:44:54 **** Incremental Build of configuration x86_64-debug for project metronome ****
make -j12 all 
qcc -Vgcc_ntox86_64 -c -Wp,-MMD,build/x86_64-debug/src/metronome.d,-MT,build/x86_64-debug/src/metronome.o -o build/x86_64-debug/src/metronome.o  -Wall -fmessage-length=0 -g -O0 -fno-builtin  src/metronome.c
qcc -Vgcc_ntox86_64 -o build/x86_64-debug/metronome   build/x86_64-debug/src/metronome.o  
11:52:06 **** Incremental Build of configuration x86_64-debug for project metronome ****
make -j12 all 
make: Nothing to be done for 'all'.
11:55:09 **** Incremental Build of configuration x86_64-debug for project metronome ****
make -j12 all 
qcc -Vgcc_ntox86_64 -c -Wp,-MMD,build/x86_64-debug/src/metronome.d,-MT,build/x86_64-debug/src/metronome.o -o build/x86_64-debug/src/metronome.o  -Wall -fmessage-length=0 -g -O0 -fno-builtin  src/metronome.c
src/metronome.c: In function 'main':
src/metronome.c:382:1: warning: "/*" within comment [-Wcomment]
 /*
 ^
src/metronome.c:336:8: warning: unused variable 'inTsb' [-Wunused-variable]
   char inTsb[3];
        ^
src/metronome.c:335:8: warning: unused variable 'inTst' [-Wunused-variable]
   char inTst[3];
        ^
src/metronome.c:334:8: warning: unused variable 'inBpm' [-Wunused-variable]
   char inBpm[10];
        ^
src/metronome.c:333:8: warning: unused variable 'command' [-Wunused-variable]
   char command[255];
        ^
src/metronome.c:355:6: warning: 'file' may be used uninitialized in this function [-Wmaybe-uninitialized]
   if (file == NULL) {
      ^
qcc -Vgcc_ntox86_64 -o build/x86_64-debug/metronome   build/x86_64-debug/src/metronome.o  
11:55:47 **** Incremental Build of configuration x86_64-debug for project metronome ****
make -j12 all 
make: Nothing to be done for 'all'.
11:58:13 **** Incremental Build of configuration x86_64-debug for project metronome ****
make -j12 all 
qcc -Vgcc_ntox86_64 -c -Wp,-MMD,build/x86_64-debug/src/metronome.d,-MT,build/x86_64-debug/src/metronome.o -o build/x86_64-debug/src/metronome.o  -Wall -fmessage-length=0 -g -O0 -fno-builtin  src/metronome.c
src/metronome.c: In function 'main':
src/metronome.c:382:1: warning: "/*" within comment [-Wcomment]
 /*
 ^
qcc -Vgcc_ntox86_64 -o build/x86_64-debug/metronome   build/x86_64-debug/src/metronome.o  
11:58:19 **** Incremental Build of configuration x86_64-debug for project metronome ****
make -j12 all 
make: Nothing to be done for 'all'.
11:58:20 **** Incremental Build of configuration x86_64-debug for project metronome ****
make -j12 all 
make: Nothing to be done for 'all'.
11:59:09 **** Incremental Build of configuration x86_64-debug for project metronome ****
make -j12 all 
qcc -Vgcc_ntox86_64 -c -Wp,-MMD,build/x86_64-debug/src/metronome.d,-MT,build/x86_64-debug/src/metronome.o -o build/x86_64-debug/src/metronome.o  -Wall -fmessage-length=0 -g -O0 -fno-builtin  src/metronome.c
src/metronome.c: In function 'main':
src/metronome.c:382:1: warning: "/*" within comment [-Wcomment]
 /*
 ^
qcc -Vgcc_ntox86_64 -o build/x86_64-debug/metronome   build/x86_64-debug/src/metronome.o  
12:00:05 **** Incremental Build of configuration x86_64-debug for project metronome ****
make -j12 all 
qcc -Vgcc_ntox86_64 -c -Wp,-MMD,build/x86_64-debug/src/metronome.d,-MT,build/x86_64-debug/src/metronome.o -o build/x86_64-debug/src/metronome.o  -Wall -fmessage-length=0 -g -O0 -fno-builtin  src/metronome.c
src/metronome.c: In function 'setToFile':
src/metronome.c:158:9: warning: unused variable 'file' [-Wunused-variable]
  FILE * file;
         ^
src/metronome.c: In function 'main':
src/metronome.c:382:1: warning: "/*" within comment [-Wcomment]
 /*
 ^
qcc -Vgcc_ntox86_64 -o build/x86_64-debug/metronome   build/x86_64-debug/src/metronome.o  
12:01:06 **** Incremental Build of configuration x86_64-debug for project metronome ****
make -j12 all 
qcc -Vgcc_ntox86_64 -c -Wp,-MMD,build/x86_64-debug/src/metronome.d,-MT,build/x86_64-debug/src/metronome.o -o build/x86_64-debug/src/metronome.o  -Wall -fmessage-length=0 -g -O0 -fno-builtin  src/metronome.c
src/metronome.c: In function 'setToFile':
src/metronome.c:158:9: warning: unused variable 'file' [-Wunused-variable]
  FILE * file;
         ^
src/metronome.c: In function 'main':
src/metronome.c:382:1: warning: "/*" within comment [-Wcomment]
 /*
 ^
qcc -Vgcc_ntox86_64 -o build/x86_64-debug/metronome   build/x86_64-debug/src/metronome.o  
12:02:34 **** Incremental Build of configuration x86_64-debug for project metronome ****
make -j12 all 
qcc -Vgcc_ntox86_64 -c -Wp,-MMD,build/x86_64-debug/src/metronome.d,-MT,build/x86_64-debug/src/metronome.o -o build/x86_64-debug/src/metronome.o  -Wall -fmessage-length=0 -g -O0 -fno-builtin  src/metronome.c
src/metronome.c: In function 'setToFile':
src/metronome.c:158:9: warning: unused variable 'file' [-Wunused-variable]
  FILE * file;
         ^
src/metronome.c: In function 'main':
src/metronome.c:383:1: warning: "/*" within comment [-Wcomment]
 /*
 ^
qcc -Vgcc_ntox86_64 -o build/x86_64-debug/metronome   build/x86_64-debug/src/metronome.o  
12:02:35 **** Incremental Build of configuration x86_64-debug for project metronome ****
make -j12 all 
make: Nothing to be done for 'all'.
12:04:25 **** Incremental Build of configuration x86_64-debug for project metronome ****
make -j12 all 
qcc -Vgcc_ntox86_64 -c -Wp,-MMD,build/x86_64-debug/src/metronome.d,-MT,build/x86_64-debug/src/metronome.o -o build/x86_64-debug/src/metronome.o  -Wall -fmessage-length=0 -g -O0 -fno-builtin  src/metronome.c
src/metronome.c: In function 'setToFile':
src/metronome.c:158:9: warning: unused variable 'file' [-Wunused-variable]
  FILE * file;
         ^
qcc -Vgcc_ntox86_64 -o build/x86_64-debug/metronome   build/x86_64-debug/src/metronome.o  
12:07:06 **** Incremental Build of configuration x86_64-debug for project metronome ****
make -j12 all 
make: Nothing to be done for 'all'.
12:07:08 **** Incremental Build of configuration x86_64-debug for project metronome ****
make -j12 all 
make: Nothing to be done for 'all'.
12:07:33 **** Incremental Build of configuration x86_64-debug for project metronome ****
make -j12 all 
make: Nothing to be done for 'all'.
12:07:33 **** Incremental Build of configuration x86_64-debug for project metronome ****
make -j12 all 
make: Nothing to be done for 'all'.
12:07:53 **** Incremental Build of configuration x86_64-debug for project metronome ****
make -j12 all 
make: Nothing to be done for 'all'.
12:12:54 **** Incremental Build of configuration x86_64-debug for project metronome ****
make -j12 all 
qcc -Vgcc_ntox86_64 -c -Wp,-MMD,build/x86_64-debug/src/metronome.d,-MT,build/x86_64-debug/src/metronome.o -o build/x86_64-debug/src/metronome.o  -Wall -fmessage-length=0 -g -O0 -fno-builtin  src/metronome.c
qcc -Vgcc_ntox86_64 -o build/x86_64-debug/metronome   build/x86_64-debug/src/metronome.o  
12:15:53 **** Incremental Build of configuration x86_64-debug for project metronome ****
make -j12 all 
make: Nothing to be done for 'all'.
12:18:26 **** Incremental Build of configuration x86_64-debug for project metronome ****
make -j12 all 
qcc -Vgcc_ntox86_64 -c -Wp,-MMD,build/x86_64-debug/src/metronome.d,-MT,build/x86_64-debug/src/metronome.o -o build/x86_64-debug/src/metronome.o  -Wall -fmessage-length=0 -g -O0 -fno-builtin  src/metronome.c
qcc -Vgcc_ntox86_64 -o build/x86_64-debug/metronome   build/x86_64-debug/src/metronome.o  
12:26:05 **** Incremental Build of configuration x86_64-debug for project metronome ****
make -j12 all 
make: Nothing to be done for 'all'.
12:32:27 **** Incremental Build of configuration x86_64-debug for project metronome ****
make -j12 all 
qcc -Vgcc_ntox86_64 -c -Wp,-MMD,build/x86_64-debug/src/metronome.d,-MT,build/x86_64-debug/src/metronome.o -o build/x86_64-debug/src/metronome.o  -Wall -fmessage-length=0 -g -O0 -fno-builtin  src/metronome.c
qcc -Vgcc_ntox86_64 -o build/x86_64-debug/metronome   build/x86_64-debug/src/metronome.o  
12:35:18 **** Incremental Build of configuration x86_64-debug for project metronome ****
make -j12 all 
qcc -Vgcc_ntox86_64 -c -Wp,-MMD,build/x86_64-debug/src/metronome.d,-MT,build/x86_64-debug/src/metronome.o -o build/x86_64-debug/src/metronome.o  -Wall -fmessage-length=0 -g -O0 -fno-builtin  src/metronome.c
qcc -Vgcc_ntox86_64 -o build/x86_64-debug/metronome   build/x86_64-debug/src/metronome.o  
12:35:31 **** Incremental Build of configuration x86_64-debug for project metronome ****
make -j12 all 
make: Nothing to be done for 'all'.
12:36:12 **** Incremental Build of configuration x86_64-debug for project metronome ****
make -j12 all 
qcc -Vgcc_ntox86_64 -c -Wp,-MMD,build/x86_64-debug/src/metronome.d,-MT,build/x86_64-debug/src/metronome.o -o build/x86_64-debug/src/metronome.o  -Wall -fmessage-length=0 -g -O0 -fno-builtin  src/metronome.c
qcc -Vgcc_ntox86_64 -o build/x86_64-debug/metronome   build/x86_64-debug/src/metronome.o  
12:38:13 **** Incremental Build of configuration x86_64-debug for project metronome ****
make -j12 all 
make: Nothing to be done for 'all'.
12:41:04 **** Incremental Build of configuration x86_64-debug for project metronome ****
make -j12 all 
make: Nothing to be done for 'all'.
12:42:14 **** Incremental Build of configuration x86_64-debug for project metronome ****
make -j12 all 
qcc -Vgcc_ntox86_64 -c -Wp,-MMD,build/x86_64-debug/src/metronome.d,-MT,build/x86_64-debug/src/metronome.o -o build/x86_64-debug/src/metronome.o  -Wall -fmessage-length=0 -g -O0 -fno-builtin  src/metronome.c
qcc -Vgcc_ntox86_64 -o build/x86_64-debug/metronome   build/x86_64-debug/src/metronome.o  
12:42:24 **** Incremental Build of configuration x86_64-debug for project metronome ****
make -j12 all 
make: Nothing to be done for 'all'.
12:43:16 **** Incremental Build of configuration x86_64-debug for project metronome ****
make -j12 all 
qcc -Vgcc_ntox86_64 -c -Wp,-MMD,build/x86_64-debug/src/metronome.d,-MT,build/x86_64-debug/src/metronome.o -o build/x86_64-debug/src/metronome.o  -Wall -fmessage-length=0 -g -O0 -fno-builtin  src/metronome.c
qcc -Vgcc_ntox86_64 -o build/x86_64-debug/metronome   build/x86_64-debug/src/metronome.o  
12:44:06 **** Incremental Build of configuration x86_64-debug for project metronome ****
make -j12 all 
make: Nothing to be done for 'all'.
12:45:07 **** Incremental Build of configuration x86_64-debug for project metronome ****
make -j12 all 
make: Nothing to be done for 'all'.
12:45:48 **** Incremental Build of configuration x86_64-debug for project metronome ****
make -j12 all 
qcc -Vgcc_ntox86_64 -c -Wp,-MMD,build/x86_64-debug/src/metronome.d,-MT,build/x86_64-debug/src/metronome.o -o build/x86_64-debug/src/metronome.o  -Wall -fmessage-length=0 -g -O0 -fno-builtin  src/metronome.c
qcc -Vgcc_ntox86_64 -o build/x86_64-debug/metronome   build/x86_64-debug/src/metronome.o  
12:46:03 **** Incremental Build of configuration x86_64-debug for project metronome ****
make -j12 all 
make: Nothing to be done for 'all'.
13:11:30 **** Incremental Build of configuration x86_64-debug for project metronome ****
make -j12 all 
qcc -Vgcc_ntox86_64 -c -Wp,-MMD,build/x86_64-debug/src/metronome.d,-MT,build/x86_64-debug/src/metronome.o -o build/x86_64-debug/src/metronome.o  -Wall -fmessage-length=0 -g -O0 -fno-builtin  src/metronome.c
qcc -Vgcc_ntox86_64 -o build/x86_64-debug/metronome   build/x86_64-debug/src/metronome.o  
14:05:12 **** Incremental Build of configuration x86_64-debug for project metronome ****
make -j12 all 
qcc -Vgcc_ntox86_64 -c -Wp,-MMD,build/x86_64-debug/src/metronome.d,-MT,build/x86_64-debug/src/metronome.o -o build/x86_64-debug/src/metronome.o  -Wall -fmessage-length=0 -g -O0 -fno-builtin  src/metronome.c
qcc -Vgcc_ntox86_64 -o build/x86_64-debug/metronome   build/x86_64-debug/src/metronome.o  
14:10:46 **** Incremental Build of configuration x86_64-debug for project metronome ****
make -j12 all 
make: Nothing to be done for 'all'.
14:11:52 **** Incremental Build of configuration x86_64-debug for project metronome ****
make -j12 all 
qcc -Vgcc_ntox86_64 -c -Wp,-MMD,build/x86_64-debug/src/metronome.d,-MT,build/x86_64-debug/src/metronome.o -o build/x86_64-debug/src/metronome.o  -Wall -fmessage-length=0 -g -O0 -fno-builtin  src/metronome.c
qcc -Vgcc_ntox86_64 -o build/x86_64-debug/metronome   build/x86_64-debug/src/metronome.o  
14:12:20 **** Incremental Build of configuration x86_64-debug for project metronome ****
make -j12 all 
make: Nothing to be done for 'all'.
14:12:54 **** Incremental Build of configuration x86_64-debug for project metronome ****
make -j12 all 
qcc -Vgcc_ntox86_64 -c -Wp,-MMD,build/x86_64-debug/src/metronome.d,-MT,build/x86_64-debug/src/metronome.o -o build/x86_64-debug/src/metronome.o  -Wall -fmessage-length=0 -g -O0 -fno-builtin  src/metronome.c
qcc -Vgcc_ntox86_64 -o build/x86_64-debug/metronome   build/x86_64-debug/src/metronome.o  
14:15:42 **** Incremental Build of configuration x86_64-debug for project metronome ****
make -j12 all 
qcc -Vgcc_ntox86_64 -c -Wp,-MMD,build/x86_64-debug/src/metronome.d,-MT,build/x86_64-debug/src/metronome.o -o build/x86_64-debug/src/metronome.o  -Wall -fmessage-length=0 -g -O0 -fno-builtin  src/metronome.c
qcc -Vgcc_ntox86_64 -o build/x86_64-debug/metronome   build/x86_64-debug/src/metronome.o  
14:17:09 **** Incremental Build of configuration x86_64-debug for project metronome ****
make -j12 all 
qcc -Vgcc_ntox86_64 -c -Wp,-MMD,build/x86_64-debug/src/metronome.d,-MT,build/x86_64-debug/src/metronome.o -o build/x86_64-debug/src/metronome.o  -Wall -fmessage-length=0 -g -O0 -fno-builtin  src/metronome.c
src/metronome.c: In function 'io_write':
src/metronome.c:66:2: error: 'buf' undeclared (first use in this function)
  buf = (char *) (msg + 1);
  ^
src/metronome.c:66:2: note: each undeclared identifier is reported only once for each function it appears in
cc: C:/Users/Andre/qnx700/host/win64/x86_64/usr/lib/gcc/x86_64-pc-nto-qnx7.0.0/5.4.0/cc1 caught signal 1
Makefile:55: recipe for target 'build/x86_64-debug/src/metronome.o' failed
make: *** [build/x86_64-debug/src/metronome.o] Error 1
14:17:15 **** Incremental Build of configuration x86_64-debug for project metronome ****
make -j12 all 
qcc -Vgcc_ntox86_64 -c -Wp,-MMD,build/x86_64-debug/src/metronome.d,-MT,build/x86_64-debug/src/metronome.o -o build/x86_64-debug/src/metronome.o  -Wall -fmessage-length=0 -g -O0 -fno-builtin  src/metronome.c
qcc -Vgcc_ntox86_64 -o build/x86_64-debug/metronome   build/x86_64-debug/src/metronome.o  
14:17:16 **** Incremental Build of configuration x86_64-debug for project metronome ****
make -j12 all 
make: Nothing to be done for 'all'.
14:42:42 **** Incremental Build of configuration x86_64-debug for project metronome ****
make -j12 all 
qcc -Vgcc_ntox86_64 -c -Wp,-MMD,build/x86_64-debug/src/metronome.d,-MT,build/x86_64-debug/src/metronome.o -o build/x86_64-debug/src/metronome.o  -Wall -fmessage-length=0 -g -O0 -fno-builtin  src/metronome.c
src/metronome.c:36:1: error: expected ',' or ';' before 'int'
 int io_read(resmgr_context_t *ctp, io_read_t *msg, RESMGR_OCB_T *ocb) {
 ^
src/metronome.c: In function 'main':
src/metronome.c:277:18: error: 'io_read' undeclared (first use in this function)
  io_funcs.read = io_read;
                  ^
src/metronome.c:277:18: note: each undeclared identifier is reported only once for each function it appears in
cc: C:/Users/Andre/qnx700/host/win64/x86_64/usr/lib/gcc/x86_64-pc-nto-qnx7.0.0/5.4.0/cc1 caught signal 1
Makefile:55: recipe for target 'build/x86_64-debug/src/metronome.o' failed
make: *** [build/x86_64-debug/src/metronome.o] Error 1
14:42:53 **** Incremental Build of configuration x86_64-debug for project metronome ****
make -j12 all 
qcc -Vgcc_ntox86_64 -c -Wp,-MMD,build/x86_64-debug/src/metronome.d,-MT,build/x86_64-debug/src/metronome.o -o build/x86_64-debug/src/metronome.o  -Wall -fmessage-length=0 -g -O0 -fno-builtin  src/metronome.c
qcc -Vgcc_ntox86_64 -o build/x86_64-debug/metronome   build/x86_64-debug/src/metronome.o  
14:44:13 **** Incremental Build of configuration x86_64-debug for project metronome ****
make -j12 all 
qcc -Vgcc_ntox86_64 -c -Wp,-MMD,build/x86_64-debug/src/metronome.d,-MT,build/x86_64-debug/src/metronome.o -o build/x86_64-debug/src/metronome.o  -Wall -fmessage-length=0 -g -O0 -fno-builtin  src/metronome.c
qcc -Vgcc_ntox86_64 -o build/x86_64-debug/metronome   build/x86_64-debug/src/metronome.o  
14:50:02 **** Incremental Build of configuration x86_64-debug for project metronome ****
make -j12 all 
make: Nothing to be done for 'all'.
14:51:40 **** Incremental Build of configuration x86_64-debug for project metronome ****
make -j12 all 
qcc -Vgcc_ntox86_64 -c -Wp,-MMD,build/x86_64-debug/src/metronome.d,-MT,build/x86_64-debug/src/metronome.o -o build/x86_64-debug/src/metronome.o  -Wall -fmessage-length=0 -g -O0 -fno-builtin  src/metronome.c
qcc -Vgcc_ntox86_64 -o build/x86_64-debug/metronome   build/x86_64-debug/src/metronome.o  
14:52:07 **** Incremental Build of configuration x86_64-debug for project metronome ****
make -j12 all 
qcc -Vgcc_ntox86_64 -c -Wp,-MMD,build/x86_64-debug/src/metronome.d,-MT,build/x86_64-debug/src/metronome.o -o build/x86_64-debug/src/metronome.o  -Wall -fmessage-length=0 -g -O0 -fno-builtin  src/metronome.c
src/metronome.c:34:19: error: initializer element is not constant
 char *files[2] = {files[0], "/dev/local/metronome-help"};
                   ^
src/metronome.c:34:19: note: (near initialization for 'files[0]')
cc: C:/Users/Andre/qnx700/host/win64/x86_64/usr/lib/gcc/x86_64-pc-nto-qnx7.0.0/5.4.0/cc1 caught signal 1
Makefile:55: recipe for target 'build/x86_64-debug/src/metronome.o' failed
make: *** [build/x86_64-debug/src/metronome.o] Error 1
14:57:07 **** Incremental Build of configuration x86_64-debug for project metronome ****
make -j12 all 
qcc -Vgcc_ntox86_64 -c -Wp,-MMD,build/x86_64-debug/src/metronome.d,-MT,build/x86_64-debug/src/metronome.o -o build/x86_64-debug/src/metronome.o  -Wall -fmessage-length=0 -g -O0 -fno-builtin  src/metronome.c
src/metronome.c:34:19: error: initializer element is not constant
 char *files[2] = {files[0], "/dev/local/metronome-help"};
                   ^
src/metronome.c:34:19: note: (near initialization for 'files[0]')
cc: C:/Users/Andre/qnx700/host/win64/x86_64/usr/lib/gcc/x86_64-pc-nto-qnx7.0.0/5.4.0/cc1 caught signal 1
Makefile:55: recipe for target 'build/x86_64-debug/src/metronome.o' failed
make: *** [build/x86_64-debug/src/metronome.o] Error 1
14:57:17 **** Incremental Build of configuration x86_64-debug for project metronome ****
make -j12 all 
qcc -Vgcc_ntox86_64 -c -Wp,-MMD,build/x86_64-debug/src/metronome.d,-MT,build/x86_64-debug/src/metronome.o -o build/x86_64-debug/src/metronome.o  -Wall -fmessage-length=0 -g -O0 -fno-builtin  src/metronome.c
qcc -Vgcc_ntox86_64 -o build/x86_64-debug/metronome   build/x86_64-debug/src/metronome.o  
14:57:19 **** Incremental Build of configuration x86_64-debug for project metronome ****
make -j12 all 
make: Nothing to be done for 'all'.
14:58:24 **** Incremental Build of configuration x86_64-debug for project metronome ****
make -j12 all 
qcc -Vgcc_ntox86_64 -c -Wp,-MMD,build/x86_64-debug/src/metronome.d,-MT,build/x86_64-debug/src/metronome.o -o build/x86_64-debug/src/metronome.o  -Wall -fmessage-length=0 -g -O0 -fno-builtin  src/metronome.c
qcc -Vgcc_ntox86_64 -o build/x86_64-debug/metronome   build/x86_64-debug/src/metronome.o  
15:01:05 **** Incremental Build of configuration x86_64-debug for project metronome ****
make -j12 all 
qcc -Vgcc_ntox86_64 -c -Wp,-MMD,build/x86_64-debug/src/metronome.d,-MT,build/x86_64-debug/src/metronome.o -o build/x86_64-debug/src/metronome.o  -Wall -fmessage-length=0 -g -O0 -fno-builtin  src/metronome.c
qcc -Vgcc_ntox86_64 -o build/x86_64-debug/metronome   build/x86_64-debug/src/metronome.o  
15:08:24 **** Incremental Build of configuration x86_64-debug for project metronome ****
make -j12 all 
qcc -Vgcc_ntox86_64 -c -Wp,-MMD,build/x86_64-debug/src/metronome.d,-MT,build/x86_64-debug/src/metronome.o -o build/x86_64-debug/src/metronome.o  -Wall -fmessage-length=0 -g -O0 -fno-builtin  src/metronome.c
qcc -Vgcc_ntox86_64 -o build/x86_64-debug/metronome   build/x86_64-debug/src/metronome.o  
15:26:11 **** Incremental Build of configuration x86_64-debug for project metronome ****
make -j12 all 
qcc -Vgcc_ntox86_64 -c -Wp,-MMD,build/x86_64-debug/src/metronome.d,-MT,build/x86_64-debug/src/metronome.o -o build/x86_64-debug/src/metronome.o  -Wall -fmessage-length=0 -g -O0 -fno-builtin  src/metronome.c
qcc -Vgcc_ntox86_64 -o build/x86_64-debug/metronome   build/x86_64-debug/src/metronome.o  
15:29:05 **** Incremental Build of configuration x86_64-debug for project metronome ****
make -j12 all 
qcc -Vgcc_ntox86_64 -c -Wp,-MMD,build/x86_64-debug/src/metronome.d,-MT,build/x86_64-debug/src/metronome.o -o build/x86_64-debug/src/metronome.o  -Wall -fmessage-length=0 -g -O0 -fno-builtin  src/metronome.c
qcc -Vgcc_ntox86_64 -o build/x86_64-debug/metronome   build/x86_64-debug/src/metronome.o  
15:30:15 **** Incremental Build of configuration x86_64-debug for project metronome ****
make -j12 all 
qcc -Vgcc_ntox86_64 -c -Wp,-MMD,build/x86_64-debug/src/metronome.d,-MT,build/x86_64-debug/src/metronome.o -o build/x86_64-debug/src/metronome.o  -Wall -fmessage-length=0 -g -O0 -fno-builtin  src/metronome.c
qcc -Vgcc_ntox86_64 -o build/x86_64-debug/metronome   build/x86_64-debug/src/metronome.o  
15:30:26 **** Incremental Build of configuration x86_64-debug for project metronome ****
make -j12 all 
make: Nothing to be done for 'all'.
15:32:06 **** Incremental Build of configuration x86_64-debug for project metronome ****
make -j12 all 
qcc -Vgcc_ntox86_64 -c -Wp,-MMD,build/x86_64-debug/src/metronome.d,-MT,build/x86_64-debug/src/metronome.o -o build/x86_64-debug/src/metronome.o  -Wall -fmessage-length=0 -g -O0 -fno-builtin  src/metronome.c
src/metronome.c: In function 'io_write':
src/metronome.c:72:8: error: 'io_write_t {aka union <anonymous>}' has no member named 'id'
  if(msg->id != metronomeDeviceID)
        ^
cc: C:/Users/Andre/qnx700/host/win64/x86_64/usr/lib/gcc/x86_64-pc-nto-qnx7.0.0/5.4.0/cc1 caught signal 1
Makefile:55: recipe for target 'build/x86_64-debug/src/metronome.o' failed
make: *** [build/x86_64-debug/src/metronome.o] Error 1
15:33:22 **** Incremental Build of configuration x86_64-debug for project metronome ****
make -j12 all 
qcc -Vgcc_ntox86_64 -c -Wp,-MMD,build/x86_64-debug/src/metronome.d,-MT,build/x86_64-debug/src/metronome.o -o build/x86_64-debug/src/metronome.o  -Wall -fmessage-length=0 -g -O0 -fno-builtin  src/metronome.c
src/metronome.c: In function 'io_write':
src/metronome.c:77:10: error: expected identifier before ')' token
  if(ocb->)
          ^
cc: C:/Users/Andre/qnx700/host/win64/x86_64/usr/lib/gcc/x86_64-pc-nto-qnx7.0.0/5.4.0/cc1 caught signal 1
Makefile:55: recipe for target 'build/x86_64-debug/src/metronome.o' failed
make: *** [build/x86_64-debug/src/metronome.o] Error 1
15:36:09 **** Incremental Build of configuration x86_64-debug for project metronome ****
make -j12 all 
qcc -Vgcc_ntox86_64 -c -Wp,-MMD,build/x86_64-debug/src/metronome.d,-MT,build/x86_64-debug/src/metronome.o -o build/x86_64-debug/src/metronome.o  -Wall -fmessage-length=0 -g -O0 -fno-builtin  src/metronome.c
src/metronome.c: In function 'io_write':
src/metronome.c:77:5: error: expected expression before ')' token
  if()
     ^
src/metronome.c: In function 'main':
src/metronome.c:288:2: warning: passing argument 1 of 'iofunc_attr_init_sized' from incompatible pointer type [-Wincompatible-pointer-types]
  iofunc_attr_init(&ioattr, S_IFCHR | 0666, NULL, NULL);
  ^
In file included from src/metronome.c:3:0:
C:/Users/Andre/qnx700/target/qnx7/usr/include/sys/iofunc.h:508:13: note: expected 'iofunc_attr_t * {aka struct _iofunc_attr *}' but argument is of type 'io_dev_t * {aka struct io_dev_t *}'
 extern void iofunc_attr_init_sized(iofunc_attr_t *__attr, mode_t __mode, iofunc_attr_t *__dattr, struct _client_info *__info, size_t __size);
             ^
src/metronome.c:291:31: warning: passing argument 8 of 'resmgr_attach' from incompatible pointer type [-Wincompatible-pointer-types]
    &connect_funcs, &io_funcs, &ioattr)) == -1) {
                               ^
In file included from src/metronome.c:4:0:
C:/Users/Andre/qnx700/target/qnx7/usr/include/sys/dispatch.h:99:5: note: expected 'struct _iofunc_attr *' but argument is of type 'io_dev_t * {aka struct io_dev_t *}'
Makefile:55: recipe for target 'build/x86_64-debug/src/metronome.o' failed
 int resmgr_attach(dispatch_t *dpp, resmgr_attr_t *attr, const char *path,
     ^
cc: C:/Users/Andre/qnx700/host/win64/x86_64/usr/lib/gcc/x86_64-pc-nto-qnx7.0.0/5.4.0/cc1 caught signal 1
make: *** [build/x86_64-debug/src/metronome.o] Error 1
15:36:52 **** Incremental Build of configuration x86_64-debug for project metronome ****
make -j12 all 
qcc -Vgcc_ntox86_64 -c -Wp,-MMD,build/x86_64-debug/src/metronome.d,-MT,build/x86_64-debug/src/metronome.o -o build/x86_64-debug/src/metronome.o  -Wall -fmessage-length=0 -g -O0 -fno-builtin  src/metronome.c
src/metronome.c: In function 'io_write':
src/metronome.c:77:5: error: expected expression before ')' token
  if()
     ^
In file included from src/metronome.c:3:0:
src/metronome.c: In function 'main':
src/metronome.c:288:26: error: invalid type argument of '->' (have 'io_dev_t {aka struct io_dev_t}')
  iofunc_attr_init(&ioattr->attr, S_IFCHR | 0666, NULL, NULL);
                          ^
src/metronome.c:291:38: error: invalid type argument of '->' (have 'io_dev_t {aka struct io_dev_t}')
    &connect_funcs, &io_funcs, &ioattr->attr)) == -1) {
                                      ^
cc: C:/Users/Andre/qnx700/host/win64/x86_64/usr/lib/gcc/x86_64-pc-nto-qnx7.0.0/5.4.0/cc1 caught signal 1
Makefile:55: recipe for target 'build/x86_64-debug/src/metronome.o' failed
make: *** [build/x86_64-debug/src/metronome.o] Error 1
15:37:05 **** Incremental Build of configuration x86_64-debug for project metronome ****
make -j12 all 
qcc -Vgcc_ntox86_64 -c -Wp,-MMD,build/x86_64-debug/src/metronome.d,-MT,build/x86_64-debug/src/metronome.o -o build/x86_64-debug/src/metronome.o  -Wall -fmessage-length=0 -g -O0 -fno-builtin  src/metronome.c
src/metronome.c: In function 'io_write':
src/metronome.c:77:5: error: expected expression before ')' token
  if()
     ^
cc: C:/Users/Andre/qnx700/host/win64/x86_64/usr/lib/gcc/x86_64-pc-nto-qnx7.0.0/5.4.0/cc1 caught signal 1
make: *** [build/x86_64-debug/src/metronome.o] Error 1
Makefile:55: recipe for target 'build/x86_64-debug/src/metronome.o' failed
15:38:00 **** Incremental Build of configuration x86_64-debug for project metronome ****
make -j12 all 
qcc -Vgcc_ntox86_64 -c -Wp,-MMD,build/x86_64-debug/src/metronome.d,-MT,build/x86_64-debug/src/metronome.o -o build/x86_64-debug/src/metronome.o  -Wall -fmessage-length=0 -g -O0 -fno-builtin  src/metronome.c
src/metronome.c: In function 'io_write':
src/metronome.c:77:5: error: expected expression before ')' token
  if()
     ^
src/metronome.c: In function 'main':
src/metronome.c:288:2: warning: passing argument 1 of 'iofunc_attr_init_sized' from incompatible pointer type [-Wincompatible-pointer-types]
  iofunc_attr_init(&ioattr, S_IFCHR | 0666, NULL, NULL);
  ^
In file included from src/metronome.c:3:0:
C:/Users/Andre/qnx700/target/qnx7/usr/include/sys/iofunc.h:508:13: note: expected 'iofunc_attr_t * {aka struct _iofunc_attr *}' but argument is of type 'io_dev_t * {aka struct io_dev_t *}'
 extern void iofunc_attr_init_sized(iofunc_attr_t *__attr, mode_t __mode, iofunc_attr_t *__dattr, struct _client_info *__info, size_t __size);
             ^
src/metronome.c:291:31: warning: passing argument 8 of 'resmgr_attach' from incompatible pointer type [-Wincompatible-pointer-types]
    &connect_funcs, &io_funcs, &ioattr)) == -1) {
                               ^
In file included from src/metronome.c:4:0:
C:/Users/Andre/qnx700/target/qnx7/usr/include/sys/dispatch.h:99:5: note: expected 'struct _iofunc_attr *' but argument is of type 'io_dev_t * {aka struct io_dev_t *}'
 int resmgr_attach(dispatch_t *dpp, resmgr_attr_t *attr, const char *path,
     ^
cc: C:/Users/Andre/qnx700/host/win64/x86_64/usr/lib/gcc/x86_64-pc-nto-qnx7.0.0/5.4.0/cc1 caught signal 1
Makefile:55: recipe for target 'build/x86_64-debug/src/metronome.o' failed
make: *** [build/x86_64-debug/src/metronome.o] Error 1
15:38:17 **** Incremental Build of configuration x86_64-debug for project metronome ****
make -j12 all 
qcc -Vgcc_ntox86_64 -c -Wp,-MMD,build/x86_64-debug/src/metronome.d,-MT,build/x86_64-debug/src/metronome.o -o build/x86_64-debug/src/metronome.o  -Wall -fmessage-length=0 -g -O0 -fno-builtin  src/metronome.c
src/metronome.c: In function 'io_write':
src/metronome.c:77:5: error: expected expression before ')' token
  if()
     ^
src/metronome.c: In function 'main':
src/metronome.c:291:31: warning: passing argument 8 of 'resmgr_attach' from incompatible pointer type [-Wincompatible-pointer-types]
    &connect_funcs, &io_funcs, &ioattr)) == -1) {
                               ^
In file included from src/metronome.c:4:0:
C:/Users/Andre/qnx700/target/qnx7/usr/include/sys/dispatch.h:99:5: note: expected 'struct _iofunc_attr *' but argument is of type 'io_dev_t * {aka struct io_dev_t *}'
 int resmgr_attach(dispatch_t *dpp, resmgr_attr_t *attr, const char *path,
     ^
cc: C:/Users/Andre/qnx700/host/win64/x86_64/usr/lib/gcc/x86_64-pc-nto-qnx7.0.0/5.4.0/cc1 caught signal 1
Makefile:55: recipe for target 'build/x86_64-debug/src/metronome.o' failed
make: *** [build/x86_64-debug/src/metronome.o] Error 1
15:38:27 **** Incremental Build of configuration x86_64-debug for project metronome ****
make -j12 all 
qcc -Vgcc_ntox86_64 -c -Wp,-MMD,build/x86_64-debug/src/metronome.d,-MT,build/x86_64-debug/src/metronome.o -o build/x86_64-debug/src/metronome.o  -Wall -fmessage-length=0 -g -O0 -fno-builtin  src/metronome.c
src/metronome.c: In function 'io_write':
src/metronome.c:77:5: error: expected expression before ')' token
  if()
     ^
cc: C:/Users/Andre/qnx700/host/win64/x86_64/usr/lib/gcc/x86_64-pc-nto-qnx7.0.0/5.4.0/cc1 caught signal 1
Makefile:55: recipe for target 'build/x86_64-debug/src/metronome.o' failed
make: *** [build/x86_64-debug/src/metronome.o] Error 1
15:40:33 **** Incremental Build of configuration x86_64-debug for project metronome ****
make -j12 all 
qcc -Vgcc_ntox86_64 -c -Wp,-MMD,build/x86_64-debug/src/metronome.d,-MT,build/x86_64-debug/src/metronome.o -o build/x86_64-debug/src/metronome.o  -Wall -fmessage-length=0 -g -O0 -fno-builtin  src/metronome.c
qcc -Vgcc_ntox86_64 -o build/x86_64-debug/metronome   build/x86_64-debug/src/metronome.o  
15:40:35 **** Incremental Build of configuration x86_64-debug for project metronome ****
make -j12 all 
make: Nothing to be done for 'all'.
15:44:26 **** Incremental Build of configuration x86_64-debug for project metronome ****
make -j12 all 
qcc -Vgcc_ntox86_64 -c -Wp,-MMD,build/x86_64-debug/src/metronome.d,-MT,build/x86_64-debug/src/metronome.o -o build/x86_64-debug/src/metronome.o  -Wall -fmessage-length=0 -g -O0 -fno-builtin  src/metronome.c
src/metronome.c: In function 'main':
src/metronome.c:112:55: warning: passing argument 5 of 'resmgr_attach' makes integer from pointer without a cast [-Wint-conversion]
     resmgr_attach(dpp, NULL, devnames[i], _FTYPE_ANY, NULL, &connect_funcs, &io_funcs, &timeattrs[i]);
                                                       ^
In file included from src/metronome.c:10:0:
C:/Users/Andre/qnx700/target/qnx7/usr/include/sys/dispatch.h:99:5: note: expected 'unsigned int' but argument is of type 'void *'
 int resmgr_attach(dispatch_t *dpp, resmgr_attr_t *attr, const char *path,
     ^
qcc -Vgcc_ntox86_64 -o build/x86_64-debug/metronome   build/x86_64-debug/src/metronome.o  
15:50:25 **** Incremental Build of configuration x86_64-debug for project metronome ****
make -j12 all 
qcc -Vgcc_ntox86_64 -c -Wp,-MMD,build/x86_64-debug/src/metronome.d,-MT,build/x86_64-debug/src/metronome.o -o build/x86_64-debug/src/metronome.o  -Wall -fmessage-length=0 -g -O0 -fno-builtin  src/metronome.c
qcc -Vgcc_ntox86_64 -o build/x86_64-debug/metronome   build/x86_64-debug/src/metronome.o  
15:50:58 **** Incremental Build of configuration x86_64-debug for project metronome ****
make -j12 all 
qcc -Vgcc_ntox86_64 -c -Wp,-MMD,build/x86_64-debug/src/metronome.d,-MT,build/x86_64-debug/src/metronome.o -o build/x86_64-debug/src/metronome.o  -Wall -fmessage-length=0 -g -O0 -fno-builtin  src/metronome.c
qcc -Vgcc_ntox86_64 -o build/x86_64-debug/metronome   build/x86_64-debug/src/metronome.o  
15:51:13 **** Incremental Build of configuration x86_64-debug for project metronome ****
make -j12 all 
make: Nothing to be done for 'all'.
15:53:05 **** Incremental Build of configuration x86_64-debug for project metronome ****
make -j12 all 
qcc -Vgcc_ntox86_64 -c -Wp,-MMD,build/x86_64-debug/src/metronome.d,-MT,build/x86_64-debug/src/metronome.o -o build/x86_64-debug/src/metronome.o  -Wall -fmessage-length=0 -g -O0 -fno-builtin  src/metronome.c
qcc -Vgcc_ntox86_64 -o build/x86_64-debug/metronome   build/x86_64-debug/src/metronome.o  
15:53:56 **** Incremental Build of configuration x86_64-debug for project metronome ****
make -j12 all 
qcc -Vgcc_ntox86_64 -c -Wp,-MMD,build/x86_64-debug/src/metronome.d,-MT,build/x86_64-debug/src/metronome.o -o build/x86_64-debug/src/metronome.o  -Wall -fmessage-length=0 -g -O0 -fno-builtin  src/metronome.c
qcc -Vgcc_ntox86_64 -o build/x86_64-debug/metronome   build/x86_64-debug/src/metronome.o  
15:54:10 **** Incremental Build of configuration x86_64-debug for project metronome ****
make -j12 all 
make: Nothing to be done for 'all'.
15:54:43 **** Incremental Build of configuration x86_64-debug for project metronome ****
make -j12 all 
qcc -Vgcc_ntox86_64 -c -Wp,-MMD,build/x86_64-debug/src/metronome.d,-MT,build/x86_64-debug/src/metronome.o -o build/x86_64-debug/src/metronome.o  -Wall -fmessage-length=0 -g -O0 -fno-builtin  src/metronome.c
qcc -Vgcc_ntox86_64 -o build/x86_64-debug/metronome   build/x86_64-debug/src/metronome.o  
15:54:53 **** Incremental Build of configuration x86_64-debug for project metronome ****
make -j12 all 
qcc -Vgcc_ntox86_64 -c -Wp,-MMD,build/x86_64-debug/src/metronome.d,-MT,build/x86_64-debug/src/metronome.o -o build/x86_64-debug/src/metronome.o  -Wall -fmessage-length=0 -g -O0 -fno-builtin  src/metronome.c
qcc -Vgcc_ntox86_64 -o build/x86_64-debug/metronome   build/x86_64-debug/src/metronome.o  
15:57:59 **** Incremental Build of configuration x86_64-debug for project metronome ****
make -j12 all 
qcc -Vgcc_ntox86_64 -c -Wp,-MMD,build/x86_64-debug/src/metronome.d,-MT,build/x86_64-debug/src/metronome.o -o build/x86_64-debug/src/metronome.o  -Wall -fmessage-length=0 -g -O0 -fno-builtin  src/metronome.c
qcc -Vgcc_ntox86_64 -o build/x86_64-debug/metronome   build/x86_64-debug/src/metronome.o  
15:58:07 **** Incremental Build of configuration x86_64-debug for project metronome ****
make -j12 all 
qcc -Vgcc_ntox86_64 -c -Wp,-MMD,build/x86_64-debug/src/metronome.d,-MT,build/x86_64-debug/src/metronome.o -o build/x86_64-debug/src/metronome.o  -Wall -fmessage-length=0 -g -O0 -fno-builtin  src/metronome.c
qcc -Vgcc_ntox86_64 -o build/x86_64-debug/metronome   build/x86_64-debug/src/metronome.o  
15:59:00 **** Incremental Build of configuration x86_64-debug for project metronome ****
make -j12 all 
qcc -Vgcc_ntox86_64 -c -Wp,-MMD,build/x86_64-debug/src/metronome.d,-MT,build/x86_64-debug/src/metronome.o -o build/x86_64-debug/src/metronome.o  -Wall -fmessage-length=0 -g -O0 -fno-builtin  src/metronome.c
src/metronome.c:1:1: error: unknown type name 'Skip'
 Skip to content
 ^
src/metronome.c:1:9: error: expected '=', ',', ';', 'asm' or '__attribute__' before 'content'
 Skip to content
         ^
src/metronome.c:1:9: error: unknown type name 'content'
src/metronome.c:2:1: error: stray '\342' in program
 Search or jump to
 ^
src/metronome.c:2:1: error: stray '\200' in program
src/metronome.c:2:1: error: stray '\246' in program
src/metronome.c:8:1: error: stray '@' in program
 @Andre-E-Giroux
 ^
src/metronome.c:21:1: error: stray '@' in program
 @Andre-E-Giroux
 ^
src/metronome.c:23:1: error: stray '\342' in program
 
 ^
src/metronome.c:23:1: error: stray '\200' in program
src/metronome.c:23:1: error: stray '\246' in program
src/metronome.c:27:1: error: stray '@' in program
 @Andre-E-Giroux@scionecto
 ^
src/metronome.c:27:16: error: stray '@' in program
 @Andre-E-Giroux@scionecto
                ^
In file included from C:/Users/Andre/qnx700/target/qnx7/usr/include/sys/platform.h:74:0,
                 from C:/Users/Andre/qnx700/target/qnx7/usr/include/stdio.h:28,
                 from src/metronome.c:30:
C:/Users/Andre/qnx700/target/qnx7/usr/include/sys/compiler_gnu.h:110:9: error: unknown type name '_GCC_ATTR_ALIGN_64t'
Makefile:55: recipe for target 'build/x86_64-debug/src/metronome.o' failed
 typedef _GCC_ATTR_ALIGN_64t   _Int64t __INT64_ALIGN;
         ^
src/metronome.c:436:1: error: stray '\302' in program
  2022 GitHub, Inc.
 ^
src/metronome.c:436:1: error: stray '\251' in program
src/metronome.c:436:4: error: expected identifier or '(' before numeric constant
  2022 GitHub, Inc.
    ^
cc: C:/Users/Andre/qnx700/host/win64/x86_64/usr/lib/gcc/x86_64-pc-nto-qnx7.0.0/5.4.0/cc1 caught signal 1
make: *** [build/x86_64-debug/src/metronome.o] Error 1
15:59:25 **** Incremental Build of configuration x86_64-debug for project metronome ****
make -j12 all 
qcc -Vgcc_ntox86_64 -c -Wp,-MMD,build/x86_64-debug/src/metronome.d,-MT,build/x86_64-debug/src/metronome.o -o build/x86_64-debug/src/metronome.o  -Wall -fmessage-length=0 -g -O0 -fno-builtin  src/metronome.c
qcc -Vgcc_ntox86_64 -o build/x86_64-debug/metronome   build/x86_64-debug/src/metronome.o  
15:59:55 **** Incremental Build of configuration x86_64-debug for project metronome ****
make -j12 all 
make: Nothing to be done for 'all'.
15:59:56 **** Incremental Build of configuration x86_64-debug for project metronome ****
make -j12 all 
make: Nothing to be done for 'all'.
16:00:45 **** Incremental Build of configuration x86_64-debug for project metronome ****
make -j12 all 
qcc -Vgcc_ntox86_64 -c -Wp,-MMD,build/x86_64-debug/src/metronome.d,-MT,build/x86_64-debug/src/metronome.o -o build/x86_64-debug/src/metronome.o  -Wall -fmessage-length=0 -g -O0 -fno-builtin  src/metronome.c
qcc -Vgcc_ntox86_64 -o build/x86_64-debug/metronome   build/x86_64-debug/src/metronome.o  
16:02:09 **** Incremental Build of configuration x86_64-debug for project metronome ****
make -j12 all 
qcc -Vgcc_ntox86_64 -c -Wp,-MMD,build/x86_64-debug/src/metronome.d,-MT,build/x86_64-debug/src/metronome.o -o build/x86_64-debug/src/metronome.o  -Wall -fmessage-length=0 -g -O0 -fno-builtin  src/metronome.c
qcc -Vgcc_ntox86_64 -o build/x86_64-debug/metronome   build/x86_64-debug/src/metronome.o  
16:09:29 **** Incremental Build of configuration x86_64-debug for project metronome ****
make -j12 all 
make: Nothing to be done for 'all'.
16:10:18 **** Incremental Build of configuration x86_64-debug for project metronome ****
make -j12 all 
qcc -Vgcc_ntox86_64 -c -Wp,-MMD,build/x86_64-debug/src/metronome.d,-MT,build/x86_64-debug/src/metronome.o -o build/x86_64-debug/src/metronome.o  -Wall -fmessage-length=0 -g -O0 -fno-builtin  src/metronome.c
qcc -Vgcc_ntox86_64 -o build/x86_64-debug/metronome   build/x86_64-debug/src/metronome.o  
16:10:46 **** Incremental Build of configuration x86_64-debug for project metronome ****
make -j12 all 
make: Nothing to be done for 'all'.
16:19:58 **** Incremental Build of configuration x86_64-debug for project metronome ****
make -j12 all 
make: Nothing to be done for 'all'.
16:27:24 **** Incremental Build of configuration x86_64-debug for project metronome ****
make -j12 all 
qcc -Vgcc_ntox86_64 -c -Wp,-MMD,build/x86_64-debug/src/metronome.d,-MT,build/x86_64-debug/src/metronome.o -o build/x86_64-debug/src/metronome.o  -Wall -fmessage-length=0 -g -O0 -fno-builtin  src/metronome.c
src/metronome.c: In function 'childThread':
src/metronome.c:197:45: error: expected ';' before '{' token
    /*if (msg.pulse.code == MY_PULSE_CODE)*/ { //ASK PROF ABOUT THIS
                                             ^
src/metronome.c:184:9: warning: unused variable 'fp' [-Wunused-variable]
  FILE * fp;
         ^
src/metronome.c:183:7: warning: unused variable 'inTsb' [-Wunused-variable]
  char inTsb[3];
       ^
src/metronome.c:182:7: warning: unused variable 'inTst' [-Wunused-variable]
  char inTst[3];
       ^
src/metronome.c:181:7: warning: unused variable 'inBpm' [-Wunused-variable]
  char inBpm[10];
       ^
src/metronome.c:180:7: warning: unused variable 'command' [-Wunused-variable]
  char command[255];
       ^
src/metronome.c:179:6: warning: unused variable 'stopped' [-Wunused-variable]
  int stopped = 0;
      ^
cc: C:/Users/Andre/qnx700/host/win64/x86_64/usr/lib/gcc/x86_64-pc-nto-qnx7.0.0/5.4.0/cc1 caught signal 1
make: *** [build/x86_64-debug/src/metronome.o] Error 1
Makefile:55: recipe for target 'build/x86_64-debug/src/metronome.o' failed
16:27:31 **** Incremental Build of configuration x86_64-debug for project metronome ****
make -j12 all 
qcc -Vgcc_ntox86_64 -c -Wp,-MMD,build/x86_64-debug/src/metronome.d,-MT,build/x86_64-debug/src/metronome.o -o build/x86_64-debug/src/metronome.o  -Wall -fmessage-length=0 -g -O0 -fno-builtin  src/metronome.c
qcc -Vgcc_ntox86_64 -o build/x86_64-debug/metronome   build/x86_64-debug/src/metronome.o  
16:28:20 **** Incremental Build of configuration x86_64-debug for project metronome ****
make -j12 all 
qcc -Vgcc_ntox86_64 -c -Wp,-MMD,build/x86_64-debug/src/metronome.d,-MT,build/x86_64-debug/src/metronome.o -o build/x86_64-debug/src/metronome.o  -Wall -fmessage-length=0 -g -O0 -fno-builtin  src/metronome.c
qcc -Vgcc_ntox86_64 -o build/x86_64-debug/metronome   build/x86_64-debug/src/metronome.o  
16:29:18 **** Incremental Build of configuration x86_64-debug for project metronome ****
make -j12 all 
qcc -Vgcc_ntox86_64 -c -Wp,-MMD,build/x86_64-debug/src/metronome.d,-MT,build/x86_64-debug/src/metronome.o -o build/x86_64-debug/src/metronome.o  -Wall -fmessage-length=0 -g -O0 -fno-builtin  src/metronome.c
qcc -Vgcc_ntox86_64 -o build/x86_64-debug/metronome   build/x86_64-debug/src/metronome.o  
16:29:57 **** Incremental Build of configuration x86_64-debug for project metronome ****
make -j12 all 
qcc -Vgcc_ntox86_64 -c -Wp,-MMD,build/x86_64-debug/src/metronome.d,-MT,build/x86_64-debug/src/metronome.o -o build/x86_64-debug/src/metronome.o  -Wall -fmessage-length=0 -g -O0 -fno-builtin  src/metronome.c
qcc -Vgcc_ntox86_64 -o build/x86_64-debug/metronome   build/x86_64-debug/src/metronome.o  
16:30:54 **** Incremental Build of configuration x86_64-debug for project metronome ****
make -j12 all 
qcc -Vgcc_ntox86_64 -c -Wp,-MMD,build/x86_64-debug/src/metronome.d,-MT,build/x86_64-debug/src/metronome.o -o build/x86_64-debug/src/metronome.o  -Wall -fmessage-length=0 -g -O0 -fno-builtin  src/metronome.c
qcc -Vgcc_ntox86_64 -o build/x86_64-debug/metronome   build/x86_64-debug/src/metronome.o  
16:31:55 **** Incremental Build of configuration x86_64-debug for project metronome ****
make -j12 all 
qcc -Vgcc_ntox86_64 -c -Wp,-MMD,build/x86_64-debug/src/metronome.d,-MT,build/x86_64-debug/src/metronome.o -o build/x86_64-debug/src/metronome.o  -Wall -fmessage-length=0 -g -O0 -fno-builtin  src/metronome.c
qcc -Vgcc_ntox86_64 -o build/x86_64-debug/metronome   build/x86_64-debug/src/metronome.o  
16:34:33 **** Incremental Build of configuration x86_64-debug for project metronome ****
make -j12 all 
qcc -Vgcc_ntox86_64 -c -Wp,-MMD,build/x86_64-debug/src/metronome.d,-MT,build/x86_64-debug/src/metronome.o -o build/x86_64-debug/src/metronome.o  -Wall -fmessage-length=0 -g -O0 -fno-builtin  src/metronome.c
src/metronome.c: In function 'io_write':
src/metronome.c:131:17: error: 'metronome_coid' undeclared (first use in this function)
    MsgSendPulse(metronome_coid, SchedGet(0, 0, NULL), SET_PULSE,
                 ^
src/metronome.c:131:17: note: each undeclared identifier is reported only once for each function it appears in
src/metronome.c:131:55: error: 'SET_PULSE' undeclared (first use in this function)
    MsgSendPulse(metronome_coid, SchedGet(0, 0, NULL), SET_PULSE,
                                                       ^
cc: C:/Users/Andre/qnx700/host/win64/x86_64/usr/lib/gcc/x86_64-pc-nto-qnx7.0.0/5.4.0/cc1 caught signal 1
Makefile:55: recipe for target 'build/x86_64-debug/src/metronome.o' failed
make: *** [build/x86_64-debug/src/metronome.o] Error 1
16:35:25 **** Incremental Build of configuration x86_64-debug for project metronome ****
make -j12 all 
qcc -Vgcc_ntox86_64 -c -Wp,-MMD,build/x86_64-debug/src/metronome.d,-MT,build/x86_64-debug/src/metronome.o -o build/x86_64-debug/src/metronome.o  -Wall -fmessage-length=0 -g -O0 -fno-builtin  src/metronome.c
qcc -Vgcc_ntox86_64 -o build/x86_64-debug/metronome   build/x86_64-debug/src/metronome.o  
16:36:25 **** Incremental Build of configuration x86_64-debug for project metronome ****
make -j12 all 
make: Nothing to be done for 'all'.
16:37:30 **** Incremental Build of configuration x86_64-debug for project metronome ****
make -j12 all 
qcc -Vgcc_ntox86_64 -c -Wp,-MMD,build/x86_64-debug/src/metronome.d,-MT,build/x86_64-debug/src/metronome.o -o build/x86_64-debug/src/metronome.o  -Wall -fmessage-length=0 -g -O0 -fno-builtin  src/metronome.c
qcc -Vgcc_ntox86_64 -o build/x86_64-debug/metronome   build/x86_64-debug/src/metronome.o  
16:38:55 **** Incremental Build of configuration x86_64-debug for project metronome ****
make -j12 all 
qcc -Vgcc_ntox86_64 -c -Wp,-MMD,build/x86_64-debug/src/metronome.d,-MT,build/x86_64-debug/src/metronome.o -o build/x86_64-debug/src/metronome.o  -Wall -fmessage-length=0 -g -O0 -fno-builtin  src/metronome.c
qcc -Vgcc_ntox86_64 -o build/x86_64-debug/metronome   build/x86_64-debug/src/metronome.o  
